<?xml version="1.0" encoding="UTF-8" standalone="yes"?><!DOCTYPE report PUBLIC "-//JACOCO//DTD Report 1.1//EN" "report.dtd"><report name="VStar Plugins"><sessioninfo id="runnervm3jyl0-9811962f" start="1780839316836" dump="1780839321575"/><package name="org/aavso/tools/vstar/external/lib"><class name="org/aavso/tools/vstar/external/lib/GaiaObSourceBase" sourcefilename="GaiaObSourceBase.java"><method name="&lt;init&gt;" desc="()V" line="71"><counter type="INSTRUCTION" missed="0" covered="36"/><counter type="LINE" missed="0" covered="8"/><counter type="COMPLEXITY" missed="0" covered="1"/><counter type="METHOD" missed="0" covered="1"/></method><method name="getObservationRetriever" desc="()Lorg/aavso/tools/vstar/input/AbstractObservationRetriever;" line="95"><counter type="INSTRUCTION" missed="11" covered="0"/><counter type="LINE" missed="1" covered="0"/><counter type="COMPLEXITY" missed="1" covered="0"/><counter type="METHOD" missed="1" covered="0"/></method><method name="test" desc="()Ljava/lang/Boolean;" line="790"><counter type="INSTRUCTION" missed="3" covered="29"/><counter type="LINE" missed="2" covered="8"/><counter type="COMPLEXITY" missed="0" covered="1"/><counter type="METHOD" missed="0" covered="1"/></method><method name="runGaiaFileTest" desc="(Z)Z" line="807"><counter type="INSTRUCTION" missed="7" covered="227"/><counter type="BRANCH" missed="7" covered="15"/><counter type="LINE" missed="0" covered="34"/><counter type="COMPLEXITY" missed="7" covered="5"/><counter type="METHOD" missed="0" covered="1"/></method><counter type="INSTRUCTION" missed="21" covered="292"/><counter type="BRANCH" missed="7" covered="15"/><counter type="LINE" missed="3" covered="50"/><counter type="COMPLEXITY" missed="8" covered="7"/><counter type="METHOD" missed="1" covered="3"/><counter type="CLASS" missed="0" covered="1"/></class><class name="org/aavso/tools/vstar/external/lib/ZTFObSourceBase$ZTFFormatRetriever" sourcefilename="ZTFObSourceBase.java"><method name="&lt;init&gt;" desc="(Lorg/aavso/tools/vstar/external/lib/ZTFObSourceBase;)V" line="89"><counter type="INSTRUCTION" missed="0" covered="97"/><counter type="LINE" missed="0" covered="17"/><counter type="COMPLEXITY" missed="0" covered="1"/><counter type="METHOD" missed="0" covered="1"/></method><method name="retrieveObservations" desc="()V" line="125"><counter type="INSTRUCTION" missed="37" covered="64"/><counter type="BRANCH" missed="9" covered="9"/><counter type="LINE" missed="9" covered="18"/><counter type="COMPLEXITY" missed="7" covered="3"/><counter type="METHOD" missed="0" covered="1"/></method><method name="checkForHeaderAndFillFieldIndices" desc="(Ljava/lang/String;)Z" line="169"><counter type="INSTRUCTION" missed="28" covered="13"/><counter type="BRANCH" missed="5" covered="1"/><counter type="LINE" missed="9" covered="4"/><counter type="COMPLEXITY" missed="3" covered="1"/><counter type="METHOD" missed="0" covered="1"/></method><method name="checkForHeaderAndFillFieldIndices" desc="([Ljava/lang/String;)Z" line="192"><counter type="INSTRUCTION" missed="2" covered="30"/><counter type="BRANCH" missed="1" covered="3"/><counter type="LINE" missed="1" covered="6"/><counter type="COMPLEXITY" missed="1" covered="2"/><counter type="METHOD" missed="0" covered="1"/></method><method name="indexInArray" desc="(Ljava/lang/String;[Ljava/lang/String;)I" line="204"><counter type="INSTRUCTION" missed="2" covered="16"/><counter type="BRANCH" missed="1" covered="3"/><counter type="LINE" missed="1" covered="3"/><counter type="COMPLEXITY" missed="1" covered="2"/><counter type="METHOD" missed="0" covered="1"/></method><method name="getNumberOfRecords" desc="()Ljava/lang/Integer;" line="214"><counter type="INSTRUCTION" missed="6" covered="11"/><counter type="BRANCH" missed="1" covered="1"/><counter type="LINE" missed="2" covered="4"/><counter type="COMPLEXITY" missed="1" covered="1"/><counter type="METHOD" missed="0" covered="1"/></method><method name="readLines" desc="()V" line="227"><counter type="INSTRUCTION" missed="0" covered="30"/><counter type="BRANCH" missed="0" covered="2"/><counter type="LINE" missed="0" covered="5"/><counter type="COMPLEXITY" missed="0" covered="2"/><counter type="METHOD" missed="0" covered="1"/></method><method name="readNextObservation" desc="([Ljava/lang/String;I)Lorg/aavso/tools/vstar/data/ValidObservation;" line="239"><counter type="INSTRUCTION" missed="22" covered="142"/><counter type="BRANCH" missed="5" covered="1"/><counter type="LINE" missed="5" covered="20"/><counter type="COMPLEXITY" missed="3" covered="1"/><counter type="METHOD" missed="0" covered="1"/></method><method name="addDetailAsInteger" desc="(Lorg/aavso/tools/vstar/data/ValidObservation;Ljava/lang/String;Ljava/lang/String;)V" line="283"><counter type="INSTRUCTION" missed="2" covered="14"/><counter type="BRANCH" missed="1" covered="1"/><counter type="LINE" missed="2" covered="5"/><counter type="COMPLEXITY" missed="1" covered="1"/><counter type="METHOD" missed="0" covered="1"/></method><method name="addDetailAsDouble" desc="(Lorg/aavso/tools/vstar/data/ValidObservation;Ljava/lang/String;Ljava/lang/String;)V" line="295"><counter type="INSTRUCTION" missed="2" covered="14"/><counter type="BRANCH" missed="1" covered="1"/><counter type="LINE" missed="2" covered="5"/><counter type="COMPLEXITY" missed="1" covered="1"/><counter type="METHOD" missed="0" covered="1"/></method><method name="getSourceName" desc="()Ljava/lang/String;" line="308"><counter type="INSTRUCTION" missed="8" covered="33"/><counter type="BRANCH" missed="3" covered="5"/><counter type="LINE" missed="3" covered="8"/><counter type="COMPLEXITY" missed="3" covered="2"/><counter type="METHOD" missed="0" covered="1"/></method><method name="getSourceType" desc="()Ljava/lang/String;" line="324"><counter type="INSTRUCTION" missed="2" covered="0"/><counter type="LINE" missed="1" covered="0"/><counter type="COMPLEXITY" missed="1" covered="0"/><counter type="METHOD" missed="1" covered="0"/></method><counter type="INSTRUCTION" missed="111" covered="464"/><counter type="BRANCH" missed="27" covered="27"/><counter type="LINE" missed="35" covered="95"/><counter type="COMPLEXITY" missed="22" covered="17"/><counter type="METHOD" missed="1" covered="11"/><counter type="CLASS" missed="0" covered="1"/></class><class name="org/aavso/tools/vstar/external/lib/TESSObservationRetrieverBase" sourcefilename="TESSObservationRetrieverBase.java"><method name="&lt;init&gt;" desc="(Lorg/aavso/tools/vstar/plugin/ObservationSourcePluginBase;)V" line="95"><counter type="INSTRUCTION" missed="0" covered="19"/><counter type="LINE" missed="0" covered="6"/><counter type="COMPLEXITY" missed="0" covered="1"/><counter type="METHOD" missed="0" covered="1"/></method><method name="retrieveObservations" desc="()V" line="152"><counter type="INSTRUCTION" missed="23" covered="21"/><counter type="BRANCH" missed="0" covered="2"/><counter type="LINE" missed="4" covered="5"/><counter type="COMPLEXITY" missed="0" covered="2"/><counter type="METHOD" missed="0" covered="1"/></method><method name="retrieveObservations" desc="([Lnom/tam/fits/BasicHDU;)V" line="168"><counter type="INSTRUCTION" missed="150" covered="270"/><counter type="BRANCH" missed="25" covered="25"/><counter type="LINE" missed="28" covered="57"/><counter type="COMPLEXITY" missed="22" covered="4"/><counter type="METHOD" missed="0" covered="1"/></method><method name="getNumberOfRecords" desc="()Ljava/lang/Integer;" line="293"><counter type="INSTRUCTION" missed="31" covered="67"/><counter type="BRANCH" missed="2" covered="6"/><counter type="LINE" missed="9" covered="14"/><counter type="COMPLEXITY" missed="2" covered="3"/><counter type="METHOD" missed="0" covered="1"/></method><method name="getSourceName" desc="()Ljava/lang/String;" line="326"><counter type="INSTRUCTION" missed="4" covered="0"/><counter type="LINE" missed="1" covered="0"/><counter type="COMPLEXITY" missed="1" covered="0"/><counter type="METHOD" missed="1" covered="0"/></method><method name="getStarInfo" desc="()Lorg/aavso/tools/vstar/ui/mediator/StarInfo;" line="331"><counter type="INSTRUCTION" missed="19" covered="0"/><counter type="BRANCH" missed="4" covered="0"/><counter type="LINE" missed="4" covered="0"/><counter type="COMPLEXITY" missed="3" covered="0"/><counter type="METHOD" missed="1" covered="0"/></method><counter type="INSTRUCTION" missed="227" covered="377"/><counter type="BRANCH" missed="31" covered="33"/><counter type="LINE" missed="46" covered="82"/><counter type="COMPLEXITY" missed="28" covered="10"/><counter type="METHOD" missed="2" covered="4"/><counter type="CLASS" missed="0" covered="1"/></class><class name="org/aavso/tools/vstar/external/lib/PiecewiseLinearModel$LinearFunction" sourcefilename="PiecewiseLinearModel.java"><method name="&lt;init&gt;" desc="(DDDD)V" line="207"><counter type="INSTRUCTION" missed="0" covered="27"/><counter type="LINE" missed="0" covered="8"/><counter type="COMPLEXITY" missed="0" covered="1"/><counter type="METHOD" missed="0" covered="1"/></method><method name="startTime" desc="()D" line="219"><counter type="INSTRUCTION" missed="3" covered="0"/><counter type="LINE" missed="1" covered="0"/><counter type="COMPLEXITY" missed="1" covered="0"/><counter type="METHOD" missed="1" covered="0"/></method><method name="endTime" desc="()D" line="223"><counter type="INSTRUCTION" missed="0" covered="3"/><counter type="LINE" missed="0" covered="1"/><counter type="COMPLEXITY" missed="0" covered="1"/><counter type="METHOD" missed="0" covered="1"/></method><method name="startMag" desc="()D" line="227"><counter type="INSTRUCTION" missed="3" covered="0"/><counter type="LINE" missed="1" covered="0"/><counter type="COMPLEXITY" missed="1" covered="0"/><counter type="METHOD" missed="1" covered="0"/></method><method name="endMag" desc="()D" line="231"><counter type="INSTRUCTION" missed="3" covered="0"/><counter type="LINE" missed="1" covered="0"/><counter type="COMPLEXITY" missed="1" covered="0"/><counter type="METHOD" missed="1" covered="0"/></method><method name="slope" desc="()D" line="235"><counter type="INSTRUCTION" missed="0" covered="12"/><counter type="LINE" missed="0" covered="1"/><counter type="COMPLEXITY" missed="0" covered="1"/><counter type="METHOD" missed="0" covered="1"/></method><method name="yIntercept" desc="()D" line="239"><counter type="INSTRUCTION" missed="0" covered="3"/><counter type="LINE" missed="0" covered="1"/><counter type="COMPLEXITY" missed="0" covered="1"/><counter type="METHOD" missed="0" covered="1"/></method><method name="value" desc="(D)D" line="244"><counter type="INSTRUCTION" missed="0" covered="8"/><counter type="LINE" missed="0" covered="1"/><counter type="COMPLEXITY" missed="0" covered="1"/><counter type="METHOD" missed="0" covered="1"/></method><method name="toVeLaString" desc="(ZZ)Ljava/lang/String;" line="251"><counter type="INSTRUCTION" missed="0" covered="68"/><counter type="BRANCH" missed="0" covered="8"/><counter type="LINE" missed="0" covered="16"/><counter type="COMPLEXITY" missed="0" covered="5"/><counter type="METHOD" missed="0" covered="1"/></method><counter type="INSTRUCTION" missed="9" covered="121"/><counter type="BRANCH" missed="0" covered="8"/><counter type="LINE" missed="3" covered="28"/><counter type="COMPLEXITY" missed="3" covered="10"/><counter type="METHOD" missed="3" covered="6"/><counter type="CLASS" missed="0" covered="1"/></class><class name="org/aavso/tools/vstar/external/lib/ConvertHelper$CoordPane" sourcefilename="ConvertHelper.java"><method name="&lt;init&gt;" desc="(Lorg/aavso/tools/vstar/util/coords/RAInfo;Lorg/aavso/tools/vstar/util/coords/DecInfo;Z)V" line="103"><counter type="INSTRUCTION" missed="220" covered="0"/><counter type="BRANCH" missed="10" covered="0"/><counter type="LINE" missed="40" covered="0"/><counter type="COMPLEXITY" missed="6" covered="0"/><counter type="METHOD" missed="1" covered="0"/></method><method name="getCoordinates" desc="()Lorg/aavso/tools/vstar/util/Pair;" line="171"><counter type="INSTRUCTION" missed="88" covered="0"/><counter type="BRANCH" missed="12" covered="0"/><counter type="LINE" missed="15" covered="0"/><counter type="COMPLEXITY" missed="7" covered="0"/><counter type="METHOD" missed="1" covered="0"/></method><method name="setCoordinates" desc="(Lorg/aavso/tools/vstar/util/coords/RAInfo;Lorg/aavso/tools/vstar/util/coords/DecInfo;)V" line="199"><counter type="INSTRUCTION" missed="63" covered="0"/><counter type="BRANCH" missed="4" covered="0"/><counter type="LINE" missed="11" covered="0"/><counter type="COMPLEXITY" missed="3" covered="0"/><counter type="METHOD" missed="1" covered="0"/></method><method name="createByNameButtonListener" desc="()Ljava/awt/event/ActionListener;" line="215"><counter type="INSTRUCTION" missed="5" covered="0"/><counter type="LINE" missed="1" covered="0"/><counter type="COMPLEXITY" missed="1" covered="0"/><counter type="METHOD" missed="1" covered="0"/></method><method name="VSXName" desc="()V" line="226"><counter type="INSTRUCTION" missed="55" covered="0"/><counter type="BRANCH" missed="10" covered="0"/><counter type="LINE" missed="18" covered="0"/><counter type="COMPLEXITY" missed="6" covered="0"/><counter type="METHOD" missed="1" covered="0"/></method><method name="&lt;clinit&gt;" desc="()V" line="91"><counter type="INSTRUCTION" missed="6" covered="0"/><counter type="LINE" missed="1" covered="0"/><counter type="COMPLEXITY" missed="1" covered="0"/><counter type="METHOD" missed="1" covered="0"/></method><counter type="INSTRUCTION" missed="437" covered="0"/><counter type="BRANCH" missed="36" covered="0"/><counter type="LINE" missed="86" covered="0"/><counter type="COMPLEXITY" missed="24" covered="0"/><counter type="METHOD" missed="6" covered="0"/><counter type="CLASS" missed="1" covered="0"/></class><class name="org/aavso/tools/vstar/external/lib/TESSObservationRetrieverBase$BinaryTableFieldType" sourcefilename="TESSObservationRetrieverBase.java"><method name="&lt;clinit&gt;" desc="()V" line="56"><counter type="INSTRUCTION" missed="0" covered="33"/><counter type="LINE" missed="0" covered="2"/><counter type="COMPLEXITY" missed="0" covered="1"/><counter type="METHOD" missed="0" covered="1"/></method><counter type="INSTRUCTION" missed="0" covered="33"/><counter type="LINE" missed="0" covered="2"/><counter type="COMPLEXITY" missed="0" covered="1"/><counter type="METHOD" missed="0" covered="1"/><counter type="CLASS" missed="0" covered="1"/></class><class name="org/aavso/tools/vstar/external/lib/TESSObservationRetrieverBase$RawObservationData" sourcefilename="TESSObservationRetrieverBase.java"><method name="&lt;init&gt;" desc="(Lorg/aavso/tools/vstar/external/lib/TESSObservationRetrieverBase;)V" line="87"><counter type="INSTRUCTION" missed="0" covered="6"/><counter type="LINE" missed="0" covered="1"/><counter type="COMPLEXITY" missed="0" covered="1"/><counter type="METHOD" missed="0" covered="1"/></method><counter type="INSTRUCTION" missed="0" covered="6"/><counter type="LINE" missed="0" covered="1"/><counter type="COMPLEXITY" missed="0" covered="1"/><counter type="METHOD" missed="0" covered="1"/><counter type="CLASS" missed="0" covered="1"/></class><class name="org/aavso/tools/vstar/external/lib/ConvertHelper$CoordPane$NumberFieldHelper" sourcefilename="ConvertHelper.java"><method name="setNumberFieldColumns" desc="(Lorg/aavso/tools/vstar/ui/dialog/NumberFieldBase;I)V" line="286"><counter type="INSTRUCTION" missed="8" covered="0"/><counter type="LINE" missed="3" covered="0"/><counter type="COMPLEXITY" missed="1" covered="0"/><counter type="METHOD" missed="1" covered="0"/></method><method name="getAndCheck" desc="(Lorg/aavso/tools/vstar/ui/dialog/NumberFieldBase;)Ljava/lang/Number;" line="294"><counter type="INSTRUCTION" missed="25" covered="0"/><counter type="BRANCH" missed="2" covered="0"/><counter type="LINE" missed="10" covered="0"/><counter type="COMPLEXITY" missed="2" covered="0"/><counter type="METHOD" missed="1" covered="0"/></method><method name="numberFieldInfo" desc="(Lorg/aavso/tools/vstar/ui/dialog/NumberFieldBase;)Ljava/lang/String;" line="310"><counter type="INSTRUCTION" missed="42" covered="0"/><counter type="BRANCH" missed="12" covered="0"/><counter type="LINE" missed="8" covered="0"/><counter type="COMPLEXITY" missed="7" covered="0"/><counter type="METHOD" missed="1" covered="0"/></method><counter type="INSTRUCTION" missed="75" covered="0"/><counter type="BRANCH" missed="14" covered="0"/><counter type="LINE" missed="21" covered="0"/><counter type="COMPLEXITY" missed="10" covered="0"/><counter type="METHOD" missed="3" covered="0"/><counter type="CLASS" missed="1" covered="0"/></class><class name="org/aavso/tools/vstar/external/lib/ZTFObSourceBase" sourcefilename="ZTFObSourceBase.java"><method name="&lt;init&gt;" desc="()V" line="68"><counter type="INSTRUCTION" missed="0" covered="45"/><counter type="LINE" missed="0" covered="6"/><counter type="COMPLEXITY" missed="0" covered="1"/><counter type="METHOD" missed="0" covered="1"/></method><method name="getObservationRetriever" desc="()Lorg/aavso/tools/vstar/input/AbstractObservationRetriever;" line="81"><counter type="INSTRUCTION" missed="5" covered="0"/><counter type="LINE" missed="1" covered="0"/><counter type="COMPLEXITY" missed="1" covered="0"/><counter type="METHOD" missed="1" covered="0"/></method><method name="test" desc="()Ljava/lang/Boolean;" line="330"><counter type="INSTRUCTION" missed="6" covered="161"/><counter type="BRANCH" missed="3" covered="5"/><counter type="LINE" missed="2" covered="26"/><counter type="COMPLEXITY" missed="3" covered="2"/><counter type="METHOD" missed="0" covered="1"/></method><counter type="INSTRUCTION" missed="11" covered="206"/><counter type="BRANCH" missed="3" covered="5"/><counter type="LINE" missed="3" covered="32"/><counter type="COMPLEXITY" missed="4" covered="3"/><counter type="METHOD" missed="1" covered="2"/><counter type="CLASS" missed="0" covered="1"/></class><class name="org/aavso/tools/vstar/external/lib/GaiaObSourceBase$GAIADR2FormatRetriever$ValidObservationEx" sourcefilename="GaiaObSourceBase.java"><method name="&lt;init&gt;" desc="(Lorg/aavso/tools/vstar/external/lib/GaiaObSourceBase$GAIADR2FormatRetriever;)V" line="118"><counter type="INSTRUCTION" missed="0" covered="6"/><counter type="LINE" missed="0" covered="1"/><counter type="COMPLEXITY" missed="0" covered="1"/><counter type="METHOD" missed="0" covered="1"/></method><counter type="INSTRUCTION" missed="0" covered="6"/><counter type="LINE" missed="0" covered="1"/><counter type="COMPLEXITY" missed="0" covered="1"/><counter type="METHOD" missed="0" covered="1"/><counter type="CLASS" missed="0" covered="1"/></class><class name="org/aavso/tools/vstar/external/lib/FitsTestData" sourcefilename="FitsTestData.java"><method name="createLightKurveKeplerFits" desc="()[B" line="41"><counter type="INSTRUCTION" missed="0" covered="48"/><counter type="LINE" missed="0" covered="1"/><counter type="COMPLEXITY" missed="0" covered="1"/><counter type="METHOD" missed="0" covered="1"/></method><method name="createKeplerArchiveFits" desc="()[B" line="50"><counter type="INSTRUCTION" missed="0" covered="145"/><counter type="LINE" missed="0" covered="3"/><counter type="COMPLEXITY" missed="0" covered="1"/><counter type="METHOD" missed="0" covered="1"/></method><method name="createFits" desc="(Ljava/lang/String;[Ljava/lang/String;[Ljava/lang/Object;Ljava/lang/Integer;Ljava/lang/Double;)[B" line="60"><counter type="INSTRUCTION" missed="0" covered="90"/><counter type="BRANCH" missed="1" covered="5"/><counter type="LINE" missed="0" covered="17"/><counter type="COMPLEXITY" missed="1" covered="3"/><counter type="METHOD" missed="0" covered="1"/></method><counter type="INSTRUCTION" missed="0" covered="283"/><counter type="BRANCH" missed="1" covered="5"/><counter type="LINE" missed="0" covered="21"/><counter type="COMPLEXITY" missed="1" covered="5"/><counter type="METHOD" missed="0" covered="3"/><counter type="CLASS" missed="0" covered="1"/></class><class name="org/aavso/tools/vstar/external/lib/PiecewiseLinearModel$PiecewiseLinearFunctionExtremaFinder" sourcefilename="PiecewiseLinearModel.java"><method name="&lt;init&gt;" desc="(Ljava/util/List;Lorg/aavso/tools/vstar/external/lib/PiecewiseLinearModel$PiecewiseLinearFunction;Lorg/aavso/tools/vstar/ui/model/plot/ICoordSource;)V" line="284"><counter type="INSTRUCTION" missed="0" covered="10"/><counter type="LINE" missed="0" covered="3"/><counter type="COMPLEXITY" missed="0" covered="1"/><counter type="METHOD" missed="0" covered="1"/></method><method name="find" desc="(Lorg/apache/commons/math/optimization/GoalType;[I)V" line="290"><counter type="INSTRUCTION" missed="38" covered="82"/><counter type="BRANCH" missed="7" covered="9"/><counter type="LINE" missed="5" covered="13"/><counter type="COMPLEXITY" missed="6" covered="3"/><counter type="METHOD" missed="0" covered="1"/></method><counter type="INSTRUCTION" missed="38" covered="92"/><counter type="BRANCH" missed="7" covered="9"/><counter type="LINE" missed="5" covered="16"/><counter type="COMPLEXITY" missed="6" covered="4"/><counter type="METHOD" missed="0" covered="2"/><counter type="CLASS" missed="0" covered="1"/></class><class name="org/aavso/tools/vstar/external/lib/ConvertHelper$CoordPane$1" sourcefilename="ConvertHelper.java"><method name="&lt;init&gt;" desc="(Lorg/aavso/tools/vstar/external/lib/ConvertHelper$CoordPane;)V" line="215"><counter type="INSTRUCTION" missed="6" covered="0"/><counter type="LINE" missed="1" covered="0"/><counter type="COMPLEXITY" missed="1" covered="0"/><counter type="METHOD" missed="1" covered="0"/></method><method name="actionPerformed" desc="(Ljava/awt/event/ActionEvent;)V" line="217"><counter type="INSTRUCTION" missed="4" covered="0"/><counter type="LINE" missed="2" covered="0"/><counter type="COMPLEXITY" missed="1" covered="0"/><counter type="METHOD" missed="1" covered="0"/></method><counter type="INSTRUCTION" missed="10" covered="0"/><counter type="LINE" missed="3" covered="0"/><counter type="COMPLEXITY" missed="2" covered="0"/><counter type="METHOD" missed="2" covered="0"/><counter type="CLASS" missed="1" covered="0"/></class><class name="org/aavso/tools/vstar/external/lib/GaiaObSourceBase$GaiaRelease" sourcefilename="GaiaObSourceBase.java"><method name="&lt;clinit&gt;" desc="()V" line="65"><counter type="INSTRUCTION" missed="0" covered="21"/><counter type="LINE" missed="0" covered="1"/><counter type="COMPLEXITY" missed="0" covered="1"/><counter type="METHOD" missed="0" covered="1"/></method><counter type="INSTRUCTION" missed="0" covered="21"/><counter type="LINE" missed="0" covered="1"/><counter type="COMPLEXITY" missed="0" covered="1"/><counter type="METHOD" missed="0" covered="1"/><counter type="CLASS" missed="0" covered="1"/></class><class name="org/aavso/tools/vstar/external/lib/PiecewiseLinearModel" sourcefilename="PiecewiseLinearModel.java"><method name="&lt;init&gt;" desc="(Ljava/util/List;Ljava/util/List;)V" line="44"><counter type="INSTRUCTION" missed="0" covered="12"/><counter type="LINE" missed="0" covered="3"/><counter type="COMPLEXITY" missed="0" covered="1"/><counter type="METHOD" missed="0" covered="1"/></method><method name="execute" desc="()V" line="53"><counter type="INSTRUCTION" missed="9" covered="75"/><counter type="BRANCH" missed="2" covered="4"/><counter type="LINE" missed="2" covered="16"/><counter type="COMPLEXITY" missed="2" covered="2"/><counter type="METHOD" missed="0" covered="1"/></method><method name="hasFuncDesc" desc="()Z" line="87"><counter type="INSTRUCTION" missed="2" covered="0"/><counter type="LINE" missed="1" covered="0"/><counter type="COMPLEXITY" missed="1" covered="0"/><counter type="METHOD" missed="1" covered="0"/></method><method name="toVeLaString" desc="()Ljava/lang/String;" line="91"><counter type="INSTRUCTION" missed="0" covered="15"/><counter type="BRANCH" missed="1" covered="1"/><counter type="LINE" missed="0" covered="4"/><counter type="COMPLEXITY" missed="1" covered="1"/><counter type="METHOD" missed="0" covered="1"/></method><method name="getDescription" desc="()Ljava/lang/String;" line="102"><counter type="INSTRUCTION" missed="14" covered="0"/><counter type="LINE" missed="1" covered="0"/><counter type="COMPLEXITY" missed="1" covered="0"/><counter type="METHOD" missed="1" covered="0"/></method><method name="getKind" desc="()Ljava/lang/String;" line="108"><counter type="INSTRUCTION" missed="2" covered="0"/><counter type="LINE" missed="1" covered="0"/><counter type="COMPLEXITY" missed="1" covered="0"/><counter type="METHOD" missed="1" covered="0"/></method><method name="getModelFunction" desc="()Lorg/aavso/tools/vstar/ui/model/plot/ContinuousModelFunction;" line="113"><counter type="INSTRUCTION" missed="9" covered="0"/><counter type="LINE" missed="1" covered="0"/><counter type="COMPLEXITY" missed="1" covered="0"/><counter type="METHOD" missed="1" covered="0"/></method><counter type="INSTRUCTION" missed="36" covered="102"/><counter type="BRANCH" missed="3" covered="5"/><counter type="LINE" missed="6" covered="23"/><counter type="COMPLEXITY" missed="7" covered="4"/><counter type="METHOD" missed="4" covered="3"/><counter type="CLASS" missed="0" covered="1"/></class><class name="org/aavso/tools/vstar/external/lib/GaiaObSourceBase$GAIADR2FormatRetriever" sourcefilename="GaiaObSourceBase.java"><method name="&lt;init&gt;" desc="(Lorg/aavso/tools/vstar/external/lib/GaiaObSourceBase;ZZLorg/aavso/tools/vstar/external/lib/GaiaObSourceBase$GaiaRelease;)V" line="102"><counter type="INSTRUCTION" missed="0" covered="128"/><counter type="LINE" missed="0" covered="26"/><counter type="COMPLEXITY" missed="0" covered="1"/><counter type="METHOD" missed="0" covered="1"/></method><method name="convertDR3toDR2format" desc="(Ljava/util/List;)Ljava/util/List;" line="187"><counter type="INSTRUCTION" missed="509" covered="30"/><counter type="BRANCH" missed="56" covered="4"/><counter type="LINE" missed="79" covered="9"/><counter type="COMPLEXITY" missed="29" covered="2"/><counter type="METHOD" missed="0" covered="1"/></method><method name="retrieveObservations" desc="()V" line="342"><counter type="INSTRUCTION" missed="45" covered="112"/><counter type="BRANCH" missed="12" covered="16"/><counter type="LINE" missed="10" covered="30"/><counter type="COMPLEXITY" missed="9" covered="6"/><counter type="METHOD" missed="0" covered="1"/></method><method name="checkForHeaderAndFillFieldIndices" desc="([Ljava/lang/String;)Z" line="412"><counter type="INSTRUCTION" missed="2" covered="30"/><counter type="BRANCH" missed="1" covered="3"/><counter type="LINE" missed="1" covered="6"/><counter type="COMPLEXITY" missed="1" covered="2"/><counter type="METHOD" missed="0" covered="1"/></method><method name="indexInArray" desc="(Ljava/lang/String;[Ljava/lang/String;)I" line="424"><counter type="INSTRUCTION" missed="0" covered="18"/><counter type="BRANCH" missed="0" covered="4"/><counter type="LINE" missed="0" covered="4"/><counter type="COMPLEXITY" missed="0" covered="3"/><counter type="METHOD" missed="0" covered="1"/></method><method name="cacheObservation" desc="(Lorg/aavso/tools/vstar/data/ValidObservation;Ljava/lang/String;)V" line="435"><counter type="INSTRUCTION" missed="5" covered="48"/><counter type="BRANCH" missed="1" covered="5"/><counter type="LINE" missed="1" covered="10"/><counter type="COMPLEXITY" missed="1" covered="3"/><counter type="METHOD" missed="0" covered="1"/></method><method name="retrieveTransformedObservations" desc="()Ljava/lang/String;" line="452"><counter type="INSTRUCTION" missed="46" covered="72"/><counter type="BRANCH" missed="6" covered="6"/><counter type="LINE" missed="9" covered="15"/><counter type="COMPLEXITY" missed="5" covered="2"/><counter type="METHOD" missed="0" covered="1"/></method><method name="closestObs" desc="(Lorg/aavso/tools/vstar/data/ValidObservation;Ljava/util/ArrayList;)Lorg/aavso/tools/vstar/data/ValidObservation;" line="488"><counter type="INSTRUCTION" missed="2" covered="45"/><counter type="BRANCH" missed="2" covered="4"/><counter type="LINE" missed="1" covered="11"/><counter type="COMPLEXITY" missed="2" covered="2"/><counter type="METHOD" missed="0" covered="1"/></method><method name="transformVRIB" desc="(Lorg/aavso/tools/vstar/data/ValidObservation;Lorg/aavso/tools/vstar/data/ValidObservation;Lorg/aavso/tools/vstar/data/ValidObservation;II)Lorg/aavso/tools/vstar/external/lib/GaiaObSourceBase$GAIADR2FormatRetriever$OvribGroup;" line="511"><counter type="INSTRUCTION" missed="2" covered="198"/><counter type="BRANCH" missed="3" covered="3"/><counter type="LINE" missed="0" covered="26"/><counter type="COMPLEXITY" missed="3" covered="1"/><counter type="METHOD" missed="0" covered="1"/></method><method name="transformVRIB_DR3" desc="(Lorg/aavso/tools/vstar/data/ValidObservation;Lorg/aavso/tools/vstar/data/ValidObservation;Lorg/aavso/tools/vstar/data/ValidObservation;II)Lorg/aavso/tools/vstar/external/lib/GaiaObSourceBase$GAIADR2FormatRetriever$OvribGroup;" line="568"><counter type="INSTRUCTION" missed="230" covered="0"/><counter type="BRANCH" missed="6" covered="0"/><counter type="LINE" missed="29" covered="0"/><counter type="COMPLEXITY" missed="4" covered="0"/><counter type="METHOD" missed="1" covered="0"/></method><method name="magCalc" desc="(DDDDDDD)D" line="623"><counter type="INSTRUCTION" missed="0" covered="32"/><counter type="LINE" missed="0" covered="1"/><counter type="COMPLEXITY" missed="0" covered="1"/><counter type="METHOD" missed="0" covered="1"/></method><method name="uncCalc" desc="(DDDDDDDDD)D" line="638"><counter type="INSTRUCTION" missed="0" covered="39"/><counter type="LINE" missed="0" covered="3"/><counter type="COMPLEXITY" missed="0" covered="1"/><counter type="METHOD" missed="0" covered="1"/></method><method name="getNumberOfRecords" desc="()Ljava/lang/Integer;" line="649"><counter type="INSTRUCTION" missed="6" covered="11"/><counter type="BRANCH" missed="1" covered="1"/><counter type="LINE" missed="2" covered="4"/><counter type="COMPLEXITY" missed="1" covered="1"/><counter type="METHOD" missed="0" covered="1"/></method><method name="readLines" desc="()V" line="662"><counter type="INSTRUCTION" missed="0" covered="32"/><counter type="BRANCH" missed="0" covered="2"/><counter type="LINE" missed="0" covered="7"/><counter type="COMPLEXITY" missed="0" covered="2"/><counter type="METHOD" missed="0" covered="1"/></method><method name="readNextObservation" desc="([Ljava/lang/String;IZ)Lorg/aavso/tools/vstar/data/ValidObservation;" line="687"><counter type="INSTRUCTION" missed="21" covered="220"/><counter type="BRANCH" missed="8" covered="9"/><counter type="LINE" missed="5" covered="41"/><counter type="COMPLEXITY" missed="6" covered="4"/><counter type="METHOD" missed="0" covered="1"/></method><method name="addDetailAsInteger" desc="(Lorg/aavso/tools/vstar/data/ValidObservation;Ljava/lang/String;Ljava/lang/String;)V" line="765"><counter type="INSTRUCTION" missed="2" covered="14"/><counter type="BRANCH" missed="1" covered="1"/><counter type="LINE" missed="2" covered="5"/><counter type="COMPLEXITY" missed="1" covered="1"/><counter type="METHOD" missed="0" covered="1"/></method><method name="getSourceName" desc="()Ljava/lang/String;" line="778"><counter type="INSTRUCTION" missed="3" covered="0"/><counter type="LINE" missed="1" covered="0"/><counter type="COMPLEXITY" missed="1" covered="0"/><counter type="METHOD" missed="1" covered="0"/></method><method name="getSourceType" desc="()Ljava/lang/String;" line="784"><counter type="INSTRUCTION" missed="2" covered="0"/><counter type="LINE" missed="1" covered="0"/><counter type="COMPLEXITY" missed="1" covered="0"/><counter type="METHOD" missed="1" covered="0"/></method><counter type="INSTRUCTION" missed="875" covered="1029"/><counter type="BRANCH" missed="97" covered="58"/><counter type="LINE" missed="141" covered="198"/><counter type="COMPLEXITY" missed="64" covered="32"/><counter type="METHOD" missed="3" covered="15"/><counter type="CLASS" missed="0" covered="1"/></class><class name="org/aavso/tools/vstar/external/lib/ConvertHelper$CoordPane$DoubleField2" sourcefilename="ConvertHelper.java"><method name="&lt;init&gt;" desc="(Lorg/aavso/tools/vstar/external/lib/ConvertHelper$CoordPane;Ljava/lang/String;Ljava/lang/Double;Ljava/lang/Double;Ljava/lang/Double;)V" line="274"><counter type="INSTRUCTION" missed="10" covered="0"/><counter type="LINE" missed="3" covered="0"/><counter type="COMPLEXITY" missed="1" covered="0"/><counter type="METHOD" missed="1" covered="0"/></method><method name="getAndCheck" desc="()Ljava/lang/Double;" line="279"><counter type="INSTRUCTION" missed="4" covered="0"/><counter type="LINE" missed="1" covered="0"/><counter type="COMPLEXITY" missed="1" covered="0"/><counter type="METHOD" missed="1" covered="0"/></method><counter type="INSTRUCTION" missed="14" covered="0"/><counter type="LINE" missed="4" covered="0"/><counter type="COMPLEXITY" missed="2" covered="0"/><counter type="METHOD" missed="2" covered="0"/><counter type="CLASS" missed="1" covered="0"/></class><class name="org/aavso/tools/vstar/external/lib/ConvertHelper$CoordPane$IntegerField2" sourcefilename="ConvertHelper.java"><method name="&lt;init&gt;" desc="(Lorg/aavso/tools/vstar/external/lib/ConvertHelper$CoordPane;Ljava/lang/String;Ljava/lang/Integer;Ljava/lang/Integer;Ljava/lang/Integer;)V" line="260"><counter type="INSTRUCTION" missed="10" covered="0"/><counter type="LINE" missed="3" covered="0"/><counter type="COMPLEXITY" missed="1" covered="0"/><counter type="METHOD" missed="1" covered="0"/></method><method name="getAndCheck" desc="()Ljava/lang/Integer;" line="265"><counter type="INSTRUCTION" missed="4" covered="0"/><counter type="LINE" missed="1" covered="0"/><counter type="COMPLEXITY" missed="1" covered="0"/><counter type="METHOD" missed="1" covered="0"/></method><counter type="INSTRUCTION" missed="14" covered="0"/><counter type="LINE" missed="4" covered="0"/><counter type="COMPLEXITY" missed="2" covered="0"/><counter type="METHOD" missed="2" covered="0"/><counter type="CLASS" missed="1" covered="0"/></class><class name="org/aavso/tools/vstar/external/lib/ConvertHelper$CoordDialog" sourcefilename="ConvertHelper.java"><method name="&lt;init&gt;" desc="()V" line="331"><counter type="INSTRUCTION" missed="56" covered="0"/><counter type="LINE" missed="13" covered="0"/><counter type="COMPLEXITY" missed="1" covered="0"/><counter type="METHOD" missed="1" covered="0"/></method><method name="cancelAction" desc="()V" line="359"><counter type="INSTRUCTION" missed="1" covered="0"/><counter type="LINE" missed="1" covered="0"/><counter type="COMPLEXITY" missed="1" covered="0"/><counter type="METHOD" missed="1" covered="0"/></method><method name="okAction" desc="()V" line="366"><counter type="INSTRUCTION" missed="18" covered="0"/><counter type="BRANCH" missed="4" covered="0"/><counter type="LINE" missed="8" covered="0"/><counter type="COMPLEXITY" missed="3" covered="0"/><counter type="METHOD" missed="1" covered="0"/></method><method name="getCoordinates" desc="()Lorg/aavso/tools/vstar/util/Pair;" line="380"><counter type="INSTRUCTION" missed="4" covered="0"/><counter type="LINE" missed="1" covered="0"/><counter type="COMPLEXITY" missed="1" covered="0"/><counter type="METHOD" missed="1" covered="0"/></method><counter type="INSTRUCTION" missed="79" covered="0"/><counter type="BRANCH" missed="4" covered="0"/><counter type="LINE" missed="23" covered="0"/><counter type="COMPLEXITY" missed="6" covered="0"/><counter type="METHOD" missed="4" covered="0"/><counter type="CLASS" missed="1" covered="0"/></class><class name="org/aavso/tools/vstar/external/lib/ConvertHelper$ConfirmDialogWithHelp" sourcefilename="ConvertHelper.java"><method name="&lt;init&gt;" desc="(Ljava/lang/String;Ljava/lang/String;Ljava/lang/String;)V" line="428"><counter type="INSTRUCTION" missed="10" covered="0"/><counter type="LINE" missed="3" covered="0"/><counter type="COMPLEXITY" missed="1" covered="0"/><counter type="METHOD" missed="1" covered="0"/></method><method name="&lt;init&gt;" desc="(Ljava/lang/String;Ljava/lang/String;Ljava/lang/String;Z)V" line="433"><counter type="INSTRUCTION" missed="10" covered="0"/><counter type="LINE" missed="3" covered="0"/><counter type="COMPLEXITY" missed="1" covered="0"/><counter type="METHOD" missed="1" covered="0"/></method><method name="initDialog" desc="(Ljava/lang/String;Ljava/lang/String;Ljava/lang/String;Z)V" line="438"><counter type="INSTRUCTION" missed="69" covered="0"/><counter type="BRANCH" missed="4" covered="0"/><counter type="LINE" missed="17" covered="0"/><counter type="COMPLEXITY" missed="3" covered="0"/><counter type="METHOD" missed="1" covered="0"/></method><method name="createMessagePane" desc="(Ljava/lang/String;)Ljavax/swing/JPanel;" line="465"><counter type="INSTRUCTION" missed="15" covered="0"/><counter type="LINE" missed="4" covered="0"/><counter type="COMPLEXITY" missed="1" covered="0"/><counter type="METHOD" missed="1" covered="0"/></method><method name="createInfoPane" desc="(Ljava/lang/String;)Ljavax/swing/JPanel;" line="472"><counter type="INSTRUCTION" missed="19" covered="0"/><counter type="LINE" missed="5" covered="0"/><counter type="COMPLEXITY" missed="1" covered="0"/><counter type="METHOD" missed="1" covered="0"/></method><method name="helpAction" desc="()V" line="484"><counter type="INSTRUCTION" missed="4" covered="0"/><counter type="LINE" missed="2" covered="0"/><counter type="COMPLEXITY" missed="1" covered="0"/><counter type="METHOD" missed="1" covered="0"/></method><method name="cancelAction" desc="()V" line="493"><counter type="INSTRUCTION" missed="1" covered="0"/><counter type="LINE" missed="1" covered="0"/><counter type="COMPLEXITY" missed="1" covered="0"/><counter type="METHOD" missed="1" covered="0"/></method><method name="okAction" desc="()V" line="500"><counter type="INSTRUCTION" missed="9" covered="0"/><counter type="LINE" missed="4" covered="0"/><counter type="COMPLEXITY" missed="1" covered="0"/><counter type="METHOD" missed="1" covered="0"/></method><counter type="INSTRUCTION" missed="137" covered="0"/><counter type="BRANCH" missed="4" covered="0"/><counter type="LINE" missed="39" covered="0"/><counter type="COMPLEXITY" missed="10" covered="0"/><counter type="METHOD" missed="8" covered="0"/><counter type="CLASS" missed="1" covered="0"/></class><class name="org/aavso/tools/vstar/external/lib/PiecewiseLinearModel$PiecewiseLinearFunction" sourcefilename="PiecewiseLinearModel.java"><method name="&lt;init&gt;" desc="(Ljava/util/List;Lorg/aavso/tools/vstar/ui/model/plot/ICoordSource;)V" line="121"><counter type="INSTRUCTION" missed="0" covered="65"/><counter type="BRANCH" missed="0" covered="2"/><counter type="LINE" missed="0" covered="11"/><counter type="COMPLEXITY" missed="0" covered="2"/><counter type="METHOD" missed="0" covered="1"/></method><method name="value" desc="(D)D" line="138"><counter type="INSTRUCTION" missed="0" covered="33"/><counter type="BRANCH" missed="1" covered="3"/><counter type="LINE" missed="0" covered="4"/><counter type="COMPLEXITY" missed="1" covered="2"/><counter type="METHOD" missed="0" covered="1"/></method><method name="getFunctions" desc="()Ljava/util/List;" line="150"><counter type="INSTRUCTION" missed="0" covered="3"/><counter type="LINE" missed="0" covered="1"/><counter type="COMPLEXITY" missed="0" covered="1"/><counter type="METHOD" missed="0" covered="1"/></method><method name="seekFunction" desc="(D)I" line="161"><counter type="INSTRUCTION" missed="0" covered="34"/><counter type="BRANCH" missed="2" covered="4"/><counter type="LINE" missed="0" covered="7"/><counter type="COMPLEXITY" missed="2" covered="2"/><counter type="METHOD" missed="0" covered="1"/></method><method name="numberOfFunctions" desc="()I" line="175"><counter type="INSTRUCTION" missed="0" covered="4"/><counter type="LINE" missed="0" covered="1"/><counter type="COMPLEXITY" missed="0" covered="1"/><counter type="METHOD" missed="0" covered="1"/></method><method name="toVeLaString" desc="()Ljava/lang/String;" line="179"><counter type="INSTRUCTION" missed="0" covered="52"/><counter type="BRANCH" missed="0" covered="6"/><counter type="LINE" missed="0" covered="10"/><counter type="COMPLEXITY" missed="0" covered="4"/><counter type="METHOD" missed="0" covered="1"/></method><counter type="INSTRUCTION" missed="0" covered="191"/><counter type="BRANCH" missed="3" covered="15"/><counter type="LINE" missed="0" covered="34"/><counter type="COMPLEXITY" missed="3" covered="12"/><counter type="METHOD" missed="0" covered="6"/><counter type="CLASS" missed="0" covered="1"/></class><class name="org/aavso/tools/vstar/external/lib/ConvertHelper" sourcefilename="ConvertHelper.java"><method name="&lt;init&gt;" desc="()V" line="68"><counter type="INSTRUCTION" missed="3" covered="0"/><counter type="LINE" missed="1" covered="0"/><counter type="COMPLEXITY" missed="1" covered="0"/><counter type="METHOD" missed="1" covered="0"/></method><method name="getCoordinates" desc="(Lorg/aavso/tools/vstar/ui/mediator/StarInfo;)Lorg/aavso/tools/vstar/util/Pair;" line="399"><counter type="INSTRUCTION" missed="22" covered="20"/><counter type="BRANCH" missed="6" covered="4"/><counter type="LINE" missed="7" covered="5"/><counter type="COMPLEXITY" missed="5" covered="1"/><counter type="METHOD" missed="0" covered="1"/></method><method name="getLocalServiceURLstring" desc="()Ljava/lang/String;" line="507"><counter type="INSTRUCTION" missed="2" covered="0"/><counter type="LINE" missed="1" covered="0"/><counter type="COMPLEXITY" missed="1" covered="0"/><counter type="METHOD" missed="1" covered="0"/></method><method name="getConvertedListOfTimes" desc="(Ljava/util/List;DDLjava/lang/String;)Ljava/util/List;" line="529"><counter type="INSTRUCTION" missed="75" covered="11"/><counter type="BRANCH" missed="7" covered="1"/><counter type="LINE" missed="15" covered="3"/><counter type="COMPLEXITY" missed="4" covered="1"/><counter type="METHOD" missed="0" covered="1"/></method><method name="convertWithLocalService" desc="(Ljava/lang/String;Ljava/util/List;DDLjava/lang/String;)Ljava/util/List;" line="563"><counter type="INSTRUCTION" missed="5" covered="125"/><counter type="BRANCH" missed="1" covered="3"/><counter type="LINE" missed="1" covered="26"/><counter type="COMPLEXITY" missed="1" covered="2"/><counter type="METHOD" missed="0" covered="1"/></method><method name="getCfgName" desc="()Ljava/lang/String;" line="602"><counter type="INSTRUCTION" missed="3" covered="12"/><counter type="LINE" missed="2" covered="3"/><counter type="COMPLEXITY" missed="0" covered="1"/><counter type="METHOD" missed="0" covered="1"/></method><method name="getLocalConvertServiceURLstring" desc="()Ljava/lang/String;" line="612"><counter type="INSTRUCTION" missed="42" covered="7"/><counter type="BRANCH" missed="8" covered="0"/><counter type="LINE" missed="13" covered="3"/><counter type="COMPLEXITY" missed="4" covered="1"/><counter type="METHOD" missed="0" covered="1"/></method><method name="getURLstring" desc="(Ljava/util/List;DDLjava/lang/String;)Ljava/lang/String;" line="636"><counter type="INSTRUCTION" missed="49" covered="0"/><counter type="BRANCH" missed="4" covered="0"/><counter type="LINE" missed="6" covered="0"/><counter type="COMPLEXITY" missed="3" covered="0"/><counter type="METHOD" missed="1" covered="0"/></method><method name="getTextFromURLstring" desc="(Ljava/lang/String;)Lorg/aavso/tools/vstar/util/Pair;" line="648"><counter type="INSTRUCTION" missed="72" covered="0"/><counter type="BRANCH" missed="6" covered="0"/><counter type="LINE" missed="17" covered="0"/><counter type="COMPLEXITY" missed="4" covered="0"/><counter type="METHOD" missed="1" covered="0"/></method><method name="lambda$convertWithLocalService$0" desc="(Ljava/lang/String;Ljava/lang/String;)Ljava/lang/String;" line="584"><counter type="INSTRUCTION" missed="0" covered="4"/><counter type="LINE" missed="0" covered="1"/><counter type="COMPLEXITY" missed="0" covered="1"/><counter type="METHOD" missed="0" covered="1"/></method><method name="&lt;clinit&gt;" desc="()V" line="73"><counter type="INSTRUCTION" missed="0" covered="3"/><counter type="LINE" missed="0" covered="1"/><counter type="COMPLEXITY" missed="0" covered="1"/><counter type="METHOD" missed="0" covered="1"/></method><counter type="INSTRUCTION" missed="273" covered="182"/><counter type="BRANCH" missed="32" covered="8"/><counter type="LINE" missed="63" covered="41"/><counter type="COMPLEXITY" missed="23" covered="8"/><counter type="METHOD" missed="4" covered="7"/><counter type="CLASS" missed="0" covered="1"/></class><class name="org/aavso/tools/vstar/external/lib/TESSObservationRetrieverBase$ObservationReadErrorFITS" sourcefilename="TESSObservationRetrieverBase.java"><method name="&lt;init&gt;" desc="(Lorg/aavso/tools/vstar/external/lib/TESSObservationRetrieverBase;Ljava/lang/String;DDD)V" line="67"><counter type="INSTRUCTION" missed="16" covered="0"/><counter type="LINE" missed="6" covered="0"/><counter type="COMPLEXITY" missed="1" covered="0"/><counter type="METHOD" missed="1" covered="0"/></method><method name="getTime" desc="()D" line="75"><counter type="INSTRUCTION" missed="3" covered="0"/><counter type="LINE" missed="1" covered="0"/><counter type="COMPLEXITY" missed="1" covered="0"/><counter type="METHOD" missed="1" covered="0"/></method><method name="getFlux" desc="()D" line="79"><counter type="INSTRUCTION" missed="3" covered="0"/><counter type="LINE" missed="1" covered="0"/><counter type="COMPLEXITY" missed="1" covered="0"/><counter type="METHOD" missed="1" covered="0"/></method><method name="getFluxError" desc="()D" line="83"><counter type="INSTRUCTION" missed="3" covered="0"/><counter type="LINE" missed="1" covered="0"/><counter type="COMPLEXITY" missed="1" covered="0"/><counter type="METHOD" missed="1" covered="0"/></method><counter type="INSTRUCTION" missed="25" covered="0"/><counter type="LINE" missed="9" covered="0"/><counter type="COMPLEXITY" missed="4" covered="0"/><counter type="METHOD" missed="4" covered="0"/><counter type="CLASS" missed="1" covered="0"/></class><class name="org/aavso/tools/vstar/external/lib/GaiaObSourceBase$GAIADR2FormatRetriever$OvribGroup" sourcefilename="GaiaObSourceBase.java"><method name="&lt;init&gt;" desc="(Lorg/aavso/tools/vstar/external/lib/GaiaObSourceBase$GAIADR2FormatRetriever;DLjava/lang/String;Ljava/lang/String;ZLjava/lang/String;)V" line="133"><counter type="INSTRUCTION" missed="0" covered="99"/><counter type="BRANCH" missed="0" covered="2"/><counter type="LINE" missed="0" covered="18"/><counter type="COMPLEXITY" missed="0" covered="2"/><counter type="METHOD" missed="0" covered="1"/></method><counter type="INSTRUCTION" missed="0" covered="99"/><counter type="BRANCH" missed="0" covered="2"/><counter type="LINE" missed="0" covered="18"/><counter type="COMPLEXITY" missed="0" covered="2"/><counter type="METHOD" missed="0" covered="1"/><counter type="CLASS" missed="0" covered="1"/></class><sourcefile name="GaiaObSourceBase.java"><line nr="65" mi="0" ci="21" mb="0" cb="0"/><line nr="71" mi="0" ci="3" mb="0" cb="0"/><line nr="72" mi="0" ci="3" mb="0" cb="0"/><line nr="73" mi="0" ci="3" mb="0" cb="0"/><line nr="83" mi="0" ci="2" mb="0" cb="0"/><line nr="84" mi="0" ci="8" mb="0" cb="0"/><line nr="85" mi="0" ci="8" mb="0" cb="0"/><line nr="86" mi="0" ci="8" mb="0" cb="0"/><line nr="87" mi="0" ci="1" mb="0" cb="0"/><line nr="95" mi="11" ci="0" mb="0" cb="0"/><line nr="102" mi="0" ci="3" mb="0" cb="0"/><line nr="103" mi="0" ci="3" mb="0" cb="0"/><line nr="104" mi="0" ci="4" mb="0" cb="0"/><line nr="107" mi="0" ci="4" mb="0" cb="0"/><line nr="114" mi="0" ci="3" mb="0" cb="0"/><line nr="115" mi="0" ci="3" mb="0" cb="0"/><line nr="116" mi="0" ci="3" mb="0" cb="0"/><line nr="118" mi="0" ci="6" mb="0" cb="0"/><line nr="133" mi="0" ci="5" mb="0" cb="0"/><line nr="134" mi="0" ci="5" mb="0" cb="0"/><line nr="135" mi="0" ci="4" mb="0" cb="0"/><line nr="136" mi="0" ci="5" mb="0" cb="0"/><line nr="137" mi="0" ci="4" mb="0" cb="0"/><line nr="138" mi="0" ci="5" mb="0" cb="0"/><line nr="139" mi="0" ci="4" mb="0" cb="0"/><line nr="140" mi="0" ci="5" mb="0" cb="0"/><line nr="141" mi="0" ci="4" mb="0" cb="0"/><line nr="143" mi="0" ci="23" mb="0" cb="0"/><line nr="144" mi="0" ci="16" mb="0" cb="2"/><line nr="145" mi="0" ci="3" mb="0" cb="0"/><line nr="146" mi="0" ci="3" mb="0" cb="0"/><line nr="147" mi="0" ci="3" mb="0" cb="0"/><line nr="148" mi="0" ci="3" mb="0" cb="0"/><line nr="149" mi="0" ci="3" mb="0" cb="0"/><line nr="150" mi="0" ci="3" mb="0" cb="0"/><line nr="152" mi="0" ci="1" mb="0" cb="0"/><line nr="162" mi="0" ci="3" mb="0" cb="0"/><line nr="163" mi="0" ci="4" mb="0" cb="0"/><line nr="165" mi="0" ci="5" mb="0" cb="0"/><line nr="166" mi="0" ci="7" mb="0" cb="0"/><line nr="167" mi="0" ci="7" mb="0" cb="0"/><line nr="168" mi="0" ci="7" mb="0" cb="0"/><line nr="169" mi="0" ci="7" mb="0" cb="0"/><line nr="170" mi="0" ci="7" mb="0" cb="0"/><line nr="171" mi="0" ci="7" mb="0" cb="0"/><line nr="172" mi="0" ci="7" mb="0" cb="0"/><line nr="173" mi="0" ci="7" mb="0" cb="0"/><line nr="174" mi="0" ci="7" mb="0" cb="0"/><line nr="176" mi="0" ci="3" mb="0" cb="0"/><line nr="177" mi="0" ci="3" mb="0" cb="0"/><line nr="178" mi="0" ci="3" mb="0" cb="0"/><line nr="180" mi="0" ci="5" mb="0" cb="0"/><line nr="181" mi="0" ci="5" mb="0" cb="0"/><line nr="182" mi="0" ci="10" mb="0" cb="0"/><line nr="184" mi="0" ci="1" mb="0" cb="0"/><line nr="187" mi="0" ci="2" mb="0" cb="0"/><line nr="188" mi="0" ci="2" mb="0" cb="0"/><line nr="189" mi="0" ci="10" mb="0" cb="2"/><line nr="190" mi="0" ci="5" mb="0" cb="0"/><line nr="191" mi="3" ci="5" mb="1" cb="1"/><line nr="192" mi="5" ci="0" mb="2" cb="0"/><line nr="193" mi="2" ci="0" mb="2" cb="0"/><line nr="194" mi="2" ci="0" mb="0" cb="0"/><line nr="195" mi="1" ci="0" mb="0" cb="0"/><line nr="197" mi="0" ci="1" mb="0" cb="0"/><line nr="198" mi="0" ci="1" mb="0" cb="0"/><line nr="199" mi="0" ci="2" mb="1" cb="1"/><line nr="202" mi="0" ci="2" mb="0" cb="0"/><line nr="206" mi="3" ci="0" mb="0" cb="0"/><line nr="208" mi="1" ci="0" mb="0" cb="0"/><line nr="210" mi="5" ci="0" mb="0" cb="0"/><line nr="211" mi="5" ci="0" mb="0" cb="0"/><line nr="212" mi="5" ci="0" mb="0" cb="0"/><line nr="213" mi="5" ci="0" mb="0" cb="0"/><line nr="214" mi="5" ci="0" mb="0" cb="0"/><line nr="215" mi="5" ci="0" mb="0" cb="0"/><line nr="216" mi="5" ci="0" mb="0" cb="0"/><line nr="217" mi="5" ci="0" mb="0" cb="0"/><line nr="218" mi="5" ci="0" mb="0" cb="0"/><line nr="219" mi="5" ci="0" mb="0" cb="0"/><line nr="220" mi="5" ci="0" mb="0" cb="0"/><line nr="221" mi="5" ci="0" mb="0" cb="0"/><line nr="222" mi="5" ci="0" mb="0" cb="0"/><line nr="223" mi="5" ci="0" mb="0" cb="0"/><line nr="224" mi="5" ci="0" mb="0" cb="0"/><line nr="225" mi="5" ci="0" mb="0" cb="0"/><line nr="226" mi="5" ci="0" mb="0" cb="0"/><line nr="227" mi="5" ci="0" mb="0" cb="0"/><line nr="228" mi="5" ci="0" mb="0" cb="0"/><line nr="229" mi="5" ci="0" mb="0" cb="0"/><line nr="230" mi="5" ci="0" mb="0" cb="0"/><line nr="231" mi="5" ci="0" mb="0" cb="0"/><line nr="232" mi="5" ci="0" mb="0" cb="0"/><line nr="234" mi="44" ci="0" mb="44" cb="0"/><line nr="257" mi="5" ci="0" mb="0" cb="0"/><line nr="260" mi="4" ci="0" mb="0" cb="0"/><line nr="263" mi="4" ci="0" mb="0" cb="0"/><line nr="266" mi="8" ci="0" mb="2" cb="0"/><line nr="267" mi="8" ci="0" mb="0" cb="0"/><line nr="268" mi="4" ci="0" mb="0" cb="0"/><line nr="269" mi="8" ci="0" mb="0" cb="0"/><line nr="270" mi="5" ci="0" mb="0" cb="0"/><line nr="271" mi="8" ci="0" mb="0" cb="0"/><line nr="272" mi="8" ci="0" mb="0" cb="0"/><line nr="273" mi="8" ci="0" mb="0" cb="0"/><line nr="274" mi="8" ci="0" mb="0" cb="0"/><line nr="275" mi="5" ci="0" mb="0" cb="0"/><line nr="276" mi="8" ci="0" mb="0" cb="0"/><line nr="277" mi="8" ci="0" mb="0" cb="0"/><line nr="278" mi="8" ci="0" mb="0" cb="0"/><line nr="279" mi="8" ci="0" mb="0" cb="0"/><line nr="280" mi="4" ci="0" mb="0" cb="0"/><line nr="283" mi="8" ci="0" mb="2" cb="0"/><line nr="284" mi="8" ci="0" mb="0" cb="0"/><line nr="285" mi="4" ci="0" mb="0" cb="0"/><line nr="286" mi="8" ci="0" mb="0" cb="0"/><line nr="287" mi="5" ci="0" mb="0" cb="0"/><line nr="288" mi="8" ci="0" mb="0" cb="0"/><line nr="289" mi="8" ci="0" mb="0" cb="0"/><line nr="290" mi="8" ci="0" mb="0" cb="0"/><line nr="291" mi="8" ci="0" mb="0" cb="0"/><line nr="292" mi="5" ci="0" mb="0" cb="0"/><line nr="293" mi="8" ci="0" mb="0" cb="0"/><line nr="294" mi="8" ci="0" mb="0" cb="0"/><line nr="295" mi="8" ci="0" mb="0" cb="0"/><line nr="296" mi="8" ci="0" mb="0" cb="0"/><line nr="297" mi="4" ci="0" mb="0" cb="0"/><line nr="300" mi="8" ci="0" mb="2" cb="0"/><line nr="301" mi="8" ci="0" mb="0" cb="0"/><line nr="302" mi="4" ci="0" mb="0" cb="0"/><line nr="303" mi="8" ci="0" mb="0" cb="0"/><line nr="304" mi="5" ci="0" mb="0" cb="0"/><line nr="305" mi="8" ci="0" mb="0" cb="0"/><line nr="306" mi="8" ci="0" mb="0" cb="0"/><line nr="307" mi="8" ci="0" mb="0" cb="0"/><line nr="308" mi="8" ci="0" mb="0" cb="0"/><line nr="309" mi="5" ci="0" mb="0" cb="0"/><line nr="310" mi="8" ci="0" mb="0" cb="0"/><line nr="311" mi="8" ci="0" mb="0" cb="0"/><line nr="312" mi="8" ci="0" mb="0" cb="0"/><line nr="313" mi="8" ci="0" mb="0" cb="0"/><line nr="314" mi="4" ci="0" mb="0" cb="0"/><line nr="317" mi="2" ci="0" mb="0" cb="0"/><line nr="342" mi="0" ci="6" mb="0" cb="0"/><line nr="344" mi="0" ci="3" mb="0" cb="0"/><line nr="346" mi="0" ci="4" mb="1" cb="1"/><line nr="347" mi="1" ci="0" mb="0" cb="0"/><line nr="350" mi="0" ci="3" mb="0" cb="2"/><line nr="353" mi="0" ci="5" mb="0" cb="0"/><line nr="354" mi="0" ci="5" mb="0" cb="0"/><line nr="355" mi="0" ci="5" mb="0" cb="0"/><line nr="358" mi="0" ci="2" mb="0" cb="0"/><line nr="360" mi="0" ci="2" mb="0" cb="0"/><line nr="361" mi="0" ci="2" mb="0" cb="0"/><line nr="362" mi="0" ci="9" mb="0" cb="2"/><line nr="363" mi="0" ci="6" mb="0" cb="0"/><line nr="364" mi="0" ci="2" mb="1" cb="1"/><line nr="365" mi="0" ci="3" mb="0" cb="0"/><line nr="366" mi="0" ci="4" mb="1" cb="1"/><line nr="367" mi="0" ci="2" mb="0" cb="2"/><line nr="369" mi="0" ci="12" mb="0" cb="0"/><line nr="370" mi="0" ci="3" mb="0" cb="2"/><line nr="373" mi="0" ci="5" mb="0" cb="0"/><line nr="376" mi="0" ci="3" mb="0" cb="0"/><line nr="378" mi="0" ci="1" mb="0" cb="0"/><line nr="379" mi="1" ci="0" mb="0" cb="0"/><line nr="381" mi="3" ci="0" mb="0" cb="0"/><line nr="382" mi="4" ci="0" mb="2" cb="0"/><line nr="383" mi="6" ci="0" mb="0" cb="0"/><line nr="384" mi="5" ci="0" mb="0" cb="0"/><line nr="385" mi="3" ci="0" mb="0" cb="0"/><line nr="386" mi="1" ci="1" mb="0" cb="0"/><line nr="388" mi="0" ci="7" mb="0" cb="0"/><line nr="392" mi="0" ci="2" mb="0" cb="0"/><line nr="395" mi="0" ci="2" mb="1" cb="1"/><line nr="396" mi="5" ci="0" mb="0" cb="0"/><line nr="398" mi="2" ci="2" mb="3" cb="1"/><line nr="399" mi="6" ci="0" mb="0" cb="0"/><line nr="402" mi="0" ci="3" mb="0" cb="2"/><line nr="403" mi="0" ci="3" mb="0" cb="0"/><line nr="404" mi="2" ci="4" mb="3" cb="1"/><line nr="405" mi="6" ci="0" mb="0" cb="0"/><line nr="409" mi="0" ci="1" mb="0" cb="0"/><line nr="412" mi="0" ci="12" mb="0" cb="2"/><line nr="413" mi="0" ci="7" mb="0" cb="0"/><line nr="414" mi="0" ci="2" mb="1" cb="1"/><line nr="415" mi="0" ci="6" mb="0" cb="0"/><line nr="417" mi="2" ci="0" mb="0" cb="0"/><line nr="419" mi="0" ci="1" mb="0" cb="0"/><line nr="420" mi="0" ci="2" mb="0" cb="0"/><line nr="424" mi="0" ci="8" mb="0" cb="2"/><line nr="425" mi="0" ci="6" mb="0" cb="2"/><line nr="426" mi="0" ci="2" mb="0" cb="0"/><line nr="429" mi="0" ci="2" mb="0" cb="0"/><line nr="435" mi="0" ci="6" mb="0" cb="2"/><line nr="436" mi="0" ci="6" mb="0" cb="0"/><line nr="437" mi="0" ci="6" mb="0" cb="2"/><line nr="438" mi="0" ci="5" mb="0" cb="0"/><line nr="439" mi="0" ci="3" mb="0" cb="0"/><line nr="440" mi="0" ci="3" mb="0" cb="0"/><line nr="441" mi="0" ci="5" mb="0" cb="0"/><line nr="442" mi="0" ci="7" mb="1" cb="1"/><line nr="443" mi="0" ci="6" mb="0" cb="0"/><line nr="445" mi="5" ci="0" mb="0" cb="0"/><line nr="447" mi="0" ci="1" mb="0" cb="0"/><line nr="452" mi="0" ci="2" mb="0" cb="0"/><line nr="453" mi="0" ci="9" mb="0" cb="2"/><line nr="454" mi="0" ci="6" mb="0" cb="0"/><line nr="456" mi="0" ci="7" mb="0" cb="0"/><line nr="457" mi="0" ci="7" mb="0" cb="0"/><line nr="458" mi="0" ci="4" mb="2" cb="2"/><line nr="460" mi="0" ci="4" mb="1" cb="1"/><line nr="461" mi="14" ci="0" mb="0" cb="0"/><line nr="463" mi="0" ci="13" mb="0" cb="0"/><line nr="464" mi="0" ci="4" mb="0" cb="0"/><line nr="465" mi="0" ci="4" mb="0" cb="0"/><line nr="466" mi="0" ci="4" mb="0" cb="0"/><line nr="467" mi="0" ci="4" mb="1" cb="1"/><line nr="468" mi="4" ci="0" mb="0" cb="0"/><line nr="469" mi="0" ci="1" mb="0" cb="0"/><line nr="470" mi="5" ci="0" mb="0" cb="0"/><line nr="472" mi="1" ci="0" mb="0" cb="0"/><line nr="474" mi="3" ci="0" mb="0" cb="0"/><line nr="475" mi="4" ci="0" mb="2" cb="0"/><line nr="476" mi="7" ci="0" mb="0" cb="0"/><line nr="479" mi="5" ci="0" mb="0" cb="0"/><line nr="480" mi="3" ci="0" mb="0" cb="0"/><line nr="481" mi="0" ci="1" mb="0" cb="0"/><line nr="483" mi="0" ci="2" mb="0" cb="0"/><line nr="488" mi="0" ci="2" mb="0" cb="0"/><line nr="489" mi="0" ci="4" mb="0" cb="0"/><line nr="490" mi="0" ci="2" mb="0" cb="0"/><line nr="492" mi="0" ci="10" mb="0" cb="2"/><line nr="493" mi="0" ci="4" mb="0" cb="0"/><line nr="494" mi="0" ci="7" mb="1" cb="1"/><line nr="495" mi="0" ci="5" mb="0" cb="0"/><line nr="496" mi="0" ci="2" mb="0" cb="0"/><line nr="498" mi="0" ci="1" mb="0" cb="0"/><line nr="499" mi="0" ci="6" mb="1" cb="1"/><line nr="500" mi="0" ci="2" mb="0" cb="0"/><line nr="502" mi="2" ci="0" mb="0" cb="0"/><line nr="511" mi="0" ci="4" mb="0" cb="0"/><line nr="512" mi="0" ci="4" mb="0" cb="0"/><line nr="513" mi="0" ci="4" mb="0" cb="0"/><line nr="515" mi="0" ci="4" mb="0" cb="0"/><line nr="517" mi="0" ci="4" mb="0" cb="0"/><line nr="518" mi="0" ci="4" mb="0" cb="0"/><line nr="519" mi="0" ci="4" mb="0" cb="0"/><line nr="527" mi="0" ci="10" mb="0" cb="0"/><line nr="528" mi="0" ci="10" mb="0" cb="0"/><line nr="529" mi="0" ci="10" mb="0" cb="0"/><line nr="531" mi="0" ci="9" mb="0" cb="0"/><line nr="533" mi="0" ci="12" mb="0" cb="0"/><line nr="534" mi="0" ci="12" mb="0" cb="0"/><line nr="535" mi="0" ci="12" mb="0" cb="0"/><line nr="537" mi="0" ci="9" mb="0" cb="0"/><line nr="539" mi="0" ci="12" mb="0" cb="0"/><line nr="545" mi="0" ci="10" mb="0" cb="0"/><line nr="546" mi="2" ci="12" mb="3" cb="3"/><line nr="549" mi="0" ci="8" mb="0" cb="0"/><line nr="550" mi="0" ci="4" mb="0" cb="0"/><line nr="552" mi="0" ci="8" mb="0" cb="0"/><line nr="553" mi="0" ci="6" mb="0" cb="0"/><line nr="555" mi="0" ci="8" mb="0" cb="0"/><line nr="556" mi="0" ci="8" mb="0" cb="0"/><line nr="558" mi="0" ci="8" mb="0" cb="0"/><line nr="560" mi="0" ci="2" mb="0" cb="0"/><line nr="568" mi="4" ci="0" mb="0" cb="0"/><line nr="569" mi="4" ci="0" mb="0" cb="0"/><line nr="570" mi="4" ci="0" mb="0" cb="0"/><line nr="572" mi="4" ci="0" mb="0" cb="0"/><line nr="574" mi="4" ci="0" mb="0" cb="0"/><line nr="575" mi="4" ci="0" mb="0" cb="0"/><line nr="576" mi="4" ci="0" mb="0" cb="0"/><line nr="582" mi="10" ci="0" mb="0" cb="0"/><line nr="583" mi="10" ci="0" mb="0" cb="0"/><line nr="584" mi="10" ci="0" mb="0" cb="0"/><line nr="585" mi="10" ci="0" mb="0" cb="0"/><line nr="587" mi="9" ci="0" mb="0" cb="0"/><line nr="589" mi="12" ci="0" mb="0" cb="0"/><line nr="590" mi="12" ci="0" mb="0" cb="0"/><line nr="591" mi="12" ci="0" mb="0" cb="0"/><line nr="592" mi="12" ci="0" mb="0" cb="0"/><line nr="594" mi="9" ci="0" mb="0" cb="0"/><line nr="596" mi="12" ci="0" mb="0" cb="0"/><line nr="602" mi="10" ci="0" mb="0" cb="0"/><line nr="603" mi="14" ci="0" mb="6" cb="0"/><line nr="606" mi="8" ci="0" mb="0" cb="0"/><line nr="607" mi="4" ci="0" mb="0" cb="0"/><line nr="609" mi="8" ci="0" mb="0" cb="0"/><line nr="610" mi="6" ci="0" mb="0" cb="0"/><line nr="612" mi="8" ci="0" mb="0" cb="0"/><line nr="613" mi="8" ci="0" mb="0" cb="0"/><line nr="615" mi="8" ci="0" mb="0" cb="0"/><line nr="616" mi="8" ci="0" mb="0" cb="0"/><line nr="618" mi="2" ci="0" mb="0" cb="0"/><line nr="623" mi="0" ci="32" mb="0" cb="0"/><line nr="638" mi="0" ci="26" mb="0" cb="0"/><line nr="643" mi="0" ci="4" mb="0" cb="0"/><line nr="644" mi="0" ci="9" mb="0" cb="0"/><line nr="649" mi="0" ci="3" mb="1" cb="1"/><line nr="651" mi="0" ci="2" mb="0" cb="0"/><line nr="652" mi="1" ci="0" mb="0" cb="0"/><line nr="653" mi="5" ci="0" mb="0" cb="0"/><line nr="654" mi="0" ci="1" mb="0" cb="0"/><line nr="657" mi="0" ci="5" mb="0" cb="0"/><line nr="662" mi="0" ci="5" mb="0" cb="0"/><line nr="664" mi="0" ci="6" mb="0" cb="0"/><line nr="665" mi="0" ci="7" mb="0" cb="0"/><line nr="667" mi="0" ci="2" mb="0" cb="0"/><line nr="669" mi="0" ci="5" mb="0" cb="2"/><line nr="670" mi="0" ci="6" mb="0" cb="0"/><line nr="672" mi="0" ci="1" mb="0" cb="0"/><line nr="687" mi="0" ci="4" mb="0" cb="0"/><line nr="689" mi="0" ci="10" mb="0" cb="0"/><line nr="690" mi="0" ci="2" mb="0" cb="0"/><line nr="691" mi="0" ci="6" mb="2" cb="1"/><line nr="693" mi="0" ci="3" mb="0" cb="0"/><line nr="694" mi="0" ci="1" mb="0" cb="0"/><line nr="696" mi="3" ci="0" mb="0" cb="0"/><line nr="697" mi="1" ci="0" mb="0" cb="0"/><line nr="701" mi="0" ci="2" mb="0" cb="0"/><line nr="702" mi="0" ci="4" mb="0" cb="0"/><line nr="704" mi="0" ci="3" mb="0" cb="0"/><line nr="706" mi="0" ci="3" mb="0" cb="0"/><line nr="707" mi="0" ci="3" mb="0" cb="0"/><line nr="708" mi="0" ci="3" mb="0" cb="0"/><line nr="710" mi="0" ci="9" mb="0" cb="0"/><line nr="711" mi="0" ci="8" mb="0" cb="0"/><line nr="712" mi="0" ci="4" mb="0" cb="0"/><line nr="713" mi="0" ci="3" mb="0" cb="0"/><line nr="715" mi="0" ci="13" mb="0" cb="0"/><line nr="716" mi="0" ci="3" mb="0" cb="0"/><line nr="718" mi="0" ci="11" mb="0" cb="0"/><line nr="719" mi="0" ci="11" mb="0" cb="0"/><line nr="720" mi="0" ci="9" mb="0" cb="0"/><line nr="721" mi="0" ci="3" mb="0" cb="0"/><line nr="722" mi="0" ci="6" mb="0" cb="0"/><line nr="723" mi="0" ci="4" mb="0" cb="0"/><line nr="725" mi="0" ci="10" mb="0" cb="0"/><line nr="727" mi="0" ci="4" mb="0" cb="2"/><line nr="728" mi="0" ci="5" mb="0" cb="0"/><line nr="729" mi="0" ci="4" mb="0" cb="2"/><line nr="730" mi="0" ci="5" mb="0" cb="0"/><line nr="731" mi="0" ci="4" mb="1" cb="1"/><line nr="732" mi="0" ci="5" mb="0" cb="0"/><line nr="734" mi="6" ci="0" mb="0" cb="0"/><line nr="737" mi="0" ci="3" mb="0" cb="0"/><line nr="739" mi="0" ci="3" mb="0" cb="0"/><line nr="747" mi="0" ci="10" mb="0" cb="0"/><line nr="748" mi="0" ci="10" mb="0" cb="0"/><line nr="749" mi="0" ci="3" mb="1" cb="1"/><line nr="750" mi="8" ci="0" mb="4" cb="0"/><line nr="751" mi="3" ci="0" mb="0" cb="0"/><line nr="755" mi="0" ci="2" mb="0" cb="2"/><line nr="756" mi="0" ci="5" mb="0" cb="0"/><line nr="757" mi="0" ci="5" mb="0" cb="0"/><line nr="758" mi="0" ci="12" mb="0" cb="0"/><line nr="761" mi="0" ci="2" mb="0" cb="0"/><line nr="765" mi="0" ci="2" mb="1" cb="1"/><line nr="768" mi="0" ci="4" mb="0" cb="0"/><line nr="769" mi="1" ci="0" mb="0" cb="0"/><line nr="770" mi="1" ci="0" mb="0" cb="0"/><line nr="771" mi="0" ci="1" mb="0" cb="0"/><line nr="772" mi="0" ci="6" mb="0" cb="0"/><line nr="774" mi="0" ci="1" mb="0" cb="0"/><line nr="778" mi="3" ci="0" mb="0" cb="0"/><line nr="784" mi="2" ci="0" mb="0" cb="0"/><line nr="790" mi="0" ci="3" mb="0" cb="0"/><line nr="791" mi="0" ci="3" mb="0" cb="0"/><line nr="792" mi="0" ci="3" mb="0" cb="0"/><line nr="794" mi="0" ci="2" mb="0" cb="0"/><line nr="796" mi="0" ci="6" mb="0" cb="0"/><line nr="797" mi="0" ci="6" mb="0" cb="0"/><line nr="798" mi="1" ci="0" mb="0" cb="0"/><line nr="799" mi="2" ci="0" mb="0" cb="0"/><line nr="801" mi="0" ci="3" mb="0" cb="0"/><line nr="803" mi="0" ci="3" mb="0" cb="0"/><line nr="807" mi="0" ci="3" mb="0" cb="0"/><line nr="809" mi="0" ci="2" mb="0" cb="0"/><line nr="811" mi="0" ci="2" mb="0" cb="2"/><line nr="812" mi="0" ci="20" mb="0" cb="0"/><line nr="818" mi="0" ci="11" mb="0" cb="0"/><line nr="823" mi="0" ci="4" mb="0" cb="0"/><line nr="824" mi="0" ci="16" mb="0" cb="2"/><line nr="825" mi="0" ci="4" mb="0" cb="0"/><line nr="827" mi="0" ci="7" mb="0" cb="0"/><line nr="828" mi="0" ci="4" mb="0" cb="0"/><line nr="829" mi="0" ci="4" mb="0" cb="0"/><line nr="830" mi="0" ci="4" mb="0" cb="0"/><line nr="832" mi="0" ci="8" mb="0" cb="0"/><line nr="833" mi="0" ci="3" mb="0" cb="0"/><line nr="834" mi="0" ci="2" mb="0" cb="0"/><line nr="836" mi="0" ci="3" mb="0" cb="0"/><line nr="837" mi="0" ci="2" mb="0" cb="2"/><line nr="838" mi="1" ci="7" mb="1" cb="1"/><line nr="839" mi="0" ci="5" mb="0" cb="0"/><line nr="840" mi="1" ci="10" mb="1" cb="1"/><line nr="841" mi="0" ci="9" mb="0" cb="0"/><line nr="842" mi="0" ci="9" mb="0" cb="0"/><line nr="843" mi="0" ci="7" mb="0" cb="0"/><line nr="844" mi="1" ci="9" mb="1" cb="1"/><line nr="845" mi="0" ci="2" mb="0" cb="0"/><line nr="848" mi="1" ci="7" mb="1" cb="1"/><line nr="849" mi="1" ci="12" mb="1" cb="1"/><line nr="850" mi="1" ci="12" mb="1" cb="1"/><line nr="851" mi="1" ci="12" mb="1" cb="1"/><line nr="852" mi="0" ci="10" mb="0" cb="2"/><line nr="853" mi="0" ci="5" mb="0" cb="0"/><line nr="854" mi="0" ci="9" mb="0" cb="0"/><line nr="855" mi="0" ci="1" mb="0" cb="0"/><line nr="856" mi="0" ci="2" mb="0" cb="0"/><counter type="INSTRUCTION" missed="896" covered="1447"/><counter type="BRANCH" missed="104" covered="75"/><counter type="LINE" missed="144" covered="268"/><counter type="COMPLEXITY" missed="72" covered="43"/><counter type="METHOD" missed="4" covered="21"/><counter type="CLASS" missed="0" covered="5"/></sourcefile><sourcefile name="PiecewiseLinearModel.java"><line nr="44" mi="0" ci="3" mb="0" cb="0"/><line nr="47" mi="0" ci="8" mb="0" cb="0"/><line nr="48" mi="0" ci="1" mb="0" cb="0"/><line nr="53" mi="0" ci="5" mb="0" cb="0"/><line nr="54" mi="0" ci="5" mb="0" cb="0"/><line nr="56" mi="0" ci="2" mb="0" cb="0"/><line nr="58" mi="0" ci="12" mb="1" cb="3"/><line nr="59" mi="0" ci="6" mb="0" cb="0"/><line nr="61" mi="0" ci="7" mb="0" cb="0"/><line nr="62" mi="0" ci="5" mb="0" cb="0"/><line nr="64" mi="0" ci="5" mb="0" cb="0"/><line nr="67" mi="0" ci="2" mb="0" cb="0"/><line nr="68" mi="0" ci="6" mb="0" cb="0"/><line nr="69" mi="0" ci="2" mb="0" cb="0"/><line nr="71" mi="0" ci="10" mb="0" cb="0"/><line nr="74" mi="0" ci="3" mb="0" cb="0"/><line nr="76" mi="0" ci="2" mb="1" cb="1"/><line nr="77" mi="3" ci="0" mb="0" cb="0"/><line nr="79" mi="6" ci="0" mb="0" cb="0"/><line nr="82" mi="0" ci="2" mb="0" cb="0"/><line nr="83" mi="0" ci="1" mb="0" cb="0"/><line nr="87" mi="2" ci="0" mb="0" cb="0"/><line nr="91" mi="0" ci="7" mb="0" cb="0"/><line nr="93" mi="0" ci="2" mb="1" cb="1"/><line nr="94" mi="0" ci="4" mb="0" cb="0"/><line nr="97" mi="0" ci="2" mb="0" cb="0"/><line nr="102" mi="14" ci="0" mb="0" cb="0"/><line nr="108" mi="2" ci="0" mb="0" cb="0"/><line nr="113" mi="9" ci="0" mb="0" cb="0"/><line nr="121" mi="0" ci="2" mb="0" cb="0"/><line nr="122" mi="0" ci="5" mb="0" cb="0"/><line nr="124" mi="0" ci="10" mb="0" cb="2"/><line nr="125" mi="0" ci="5" mb="0" cb="0"/><line nr="126" mi="0" ci="7" mb="0" cb="0"/><line nr="127" mi="0" ci="5" mb="0" cb="0"/><line nr="128" mi="0" ci="7" mb="0" cb="0"/><line nr="129" mi="0" ci="13" mb="0" cb="0"/><line nr="132" mi="0" ci="7" mb="0" cb="0"/><line nr="133" mi="0" ci="3" mb="0" cb="0"/><line nr="134" mi="0" ci="1" mb="0" cb="0"/><line nr="138" mi="0" ci="14" mb="1" cb="3"/><line nr="139" mi="0" ci="6" mb="0" cb="0"/><line nr="140" mi="0" ci="8" mb="0" cb="0"/><line nr="143" mi="0" ci="5" mb="0" cb="0"/><line nr="150" mi="0" ci="3" mb="0" cb="0"/><line nr="161" mi="0" ci="2" mb="0" cb="0"/><line nr="163" mi="0" ci="11" mb="1" cb="1"/><line nr="164" mi="0" ci="6" mb="0" cb="0"/><line nr="165" mi="0" ci="10" mb="1" cb="3"/><line nr="166" mi="0" ci="2" mb="0" cb="0"/><line nr="167" mi="0" ci="1" mb="0" cb="0"/><line nr="171" mi="0" ci="2" mb="0" cb="0"/><line nr="175" mi="0" ci="4" mb="0" cb="0"/><line nr="179" mi="0" ci="2" mb="0" cb="0"/><line nr="181" mi="0" ci="3" mb="0" cb="0"/><line nr="182" mi="0" ci="3" mb="0" cb="0"/><line nr="183" mi="0" ci="9" mb="0" cb="2"/><line nr="184" mi="0" ci="6" mb="0" cb="0"/><line nr="185" mi="0" ci="6" mb="0" cb="2"/><line nr="186" mi="0" ci="11" mb="0" cb="2"/><line nr="187" mi="0" ci="7" mb="0" cb="0"/><line nr="189" mi="0" ci="3" mb="0" cb="0"/><line nr="191" mi="0" ci="2" mb="0" cb="0"/><line nr="207" mi="0" ci="2" mb="0" cb="0"/><line nr="208" mi="0" ci="3" mb="0" cb="0"/><line nr="209" mi="0" ci="3" mb="0" cb="0"/><line nr="210" mi="0" ci="3" mb="0" cb="0"/><line nr="211" mi="0" ci="3" mb="0" cb="0"/><line nr="214" mi="0" ci="4" mb="0" cb="0"/><line nr="215" mi="0" ci="8" mb="0" cb="0"/><line nr="216" mi="0" ci="1" mb="0" cb="0"/><line nr="219" mi="3" ci="0" mb="0" cb="0"/><line nr="223" mi="0" ci="3" mb="0" cb="0"/><line nr="227" mi="3" ci="0" mb="0" cb="0"/><line nr="231" mi="3" ci="0" mb="0" cb="0"/><line nr="235" mi="0" ci="12" mb="0" cb="0"/><line nr="239" mi="0" ci="3" mb="0" cb="0"/><line nr="244" mi="0" ci="8" mb="0" cb="0"/><line nr="251" mi="0" ci="4" mb="0" cb="0"/><line nr="253" mi="0" ci="4" mb="0" cb="4"/><line nr="254" mi="0" ci="4" mb="0" cb="0"/><line nr="255" mi="0" ci="6" mb="0" cb="0"/><line nr="256" mi="0" ci="4" mb="0" cb="0"/><line nr="259" mi="0" ci="2" mb="0" cb="2"/><line nr="260" mi="0" ci="4" mb="0" cb="0"/><line nr="261" mi="0" ci="7" mb="0" cb="0"/><line nr="263" mi="0" ci="4" mb="0" cb="0"/><line nr="266" mi="0" ci="4" mb="0" cb="0"/><line nr="268" mi="0" ci="6" mb="0" cb="0"/><line nr="269" mi="0" ci="4" mb="0" cb="0"/><line nr="270" mi="0" ci="6" mb="0" cb="0"/><line nr="272" mi="0" ci="2" mb="0" cb="2"/><line nr="273" mi="0" ci="4" mb="0" cb="0"/><line nr="275" mi="0" ci="3" mb="0" cb="0"/><line nr="284" mi="0" ci="6" mb="0" cb="0"/><line nr="285" mi="0" ci="3" mb="0" cb="0"/><line nr="286" mi="0" ci="1" mb="0" cb="0"/><line nr="290" mi="0" ci="4" mb="0" cb="0"/><line nr="291" mi="0" ci="4" mb="0" cb="0"/><line nr="293" mi="0" ci="9" mb="0" cb="0"/><line nr="294" mi="0" ci="9" mb="0" cb="0"/><line nr="296" mi="0" ci="5" mb="0" cb="0"/><line nr="297" mi="0" ci="5" mb="0" cb="0"/><line nr="300" mi="0" ci="2" mb="0" cb="0"/><line nr="302" mi="0" ci="5" mb="1" cb="1"/><line nr="303" mi="4" ci="13" mb="1" cb="3"/><line nr="304" mi="6" ci="0" mb="2" cb="0"/><line nr="305" mi="3" ci="0" mb="0" cb="0"/><line nr="306" mi="0" ci="17" mb="1" cb="3"/><line nr="307" mi="0" ci="6" mb="1" cb="1"/><line nr="308" mi="2" ci="0" mb="0" cb="0"/><line nr="312" mi="0" ci="2" mb="1" cb="1"/><line nr="313" mi="10" ci="0" mb="0" cb="0"/><line nr="314" mi="13" ci="0" mb="0" cb="0"/><line nr="316" mi="0" ci="1" mb="0" cb="0"/><counter type="INSTRUCTION" missed="83" covered="506"/><counter type="BRANCH" missed="13" covered="37"/><counter type="LINE" missed="14" covered="101"/><counter type="COMPLEXITY" missed="19" covered="30"/><counter type="METHOD" missed="7" covered="17"/><counter type="CLASS" missed="0" covered="4"/></sourcefile><sourcefile name="ZTFObSourceBase.java"><line nr="68" mi="0" ci="2" mb="0" cb="0"/><line nr="69" mi="0" ci="8" mb="0" cb="0"/><line nr="70" mi="0" ci="8" mb="0" cb="0"/><line nr="71" mi="0" ci="13" mb="0" cb="0"/><line nr="72" mi="0" ci="13" mb="0" cb="0"/><line nr="73" mi="0" ci="1" mb="0" cb="0"/><line nr="81" mi="5" ci="0" mb="0" cb="0"/><line nr="89" mi="0" ci="3" mb="0" cb="0"/><line nr="102" mi="0" ci="3" mb="0" cb="0"/><line nr="103" mi="0" ci="4" mb="0" cb="0"/><line nr="105" mi="0" ci="5" mb="0" cb="0"/><line nr="106" mi="0" ci="7" mb="0" cb="0"/><line nr="107" mi="0" ci="7" mb="0" cb="0"/><line nr="108" mi="0" ci="7" mb="0" cb="0"/><line nr="109" mi="0" ci="7" mb="0" cb="0"/><line nr="110" mi="0" ci="7" mb="0" cb="0"/><line nr="111" mi="0" ci="7" mb="0" cb="0"/><line nr="112" mi="0" ci="7" mb="0" cb="0"/><line nr="113" mi="0" ci="7" mb="0" cb="0"/><line nr="115" mi="0" ci="5" mb="0" cb="0"/><line nr="116" mi="0" ci="5" mb="0" cb="0"/><line nr="117" mi="0" ci="10" mb="0" cb="0"/><line nr="118" mi="0" ci="5" mb="0" cb="0"/><line nr="119" mi="0" ci="1" mb="0" cb="0"/><line nr="125" mi="0" ci="3" mb="0" cb="0"/><line nr="127" mi="0" ci="4" mb="1" cb="1"/><line nr="128" mi="1" ci="0" mb="0" cb="0"/><line nr="131" mi="0" ci="2" mb="0" cb="0"/><line nr="133" mi="0" ci="2" mb="0" cb="0"/><line nr="134" mi="0" ci="9" mb="0" cb="2"/><line nr="135" mi="0" ci="6" mb="0" cb="0"/><line nr="136" mi="0" ci="2" mb="1" cb="1"/><line nr="137" mi="0" ci="3" mb="0" cb="0"/><line nr="138" mi="0" ci="4" mb="1" cb="1"/><line nr="139" mi="0" ci="2" mb="0" cb="2"/><line nr="141" mi="0" ci="10" mb="0" cb="0"/><line nr="142" mi="0" ci="3" mb="0" cb="0"/><line nr="143" mi="1" ci="0" mb="0" cb="0"/><line nr="145" mi="3" ci="0" mb="0" cb="0"/><line nr="146" mi="4" ci="0" mb="2" cb="0"/><line nr="147" mi="6" ci="0" mb="0" cb="0"/><line nr="148" mi="5" ci="0" mb="0" cb="0"/><line nr="149" mi="3" ci="0" mb="0" cb="0"/><line nr="150" mi="1" ci="1" mb="0" cb="0"/><line nr="152" mi="0" ci="4" mb="0" cb="0"/><line nr="156" mi="0" ci="2" mb="0" cb="0"/><line nr="159" mi="0" ci="2" mb="1" cb="1"/><line nr="160" mi="5" ci="0" mb="0" cb="0"/><line nr="162" mi="2" ci="4" mb="3" cb="1"/><line nr="163" mi="6" ci="0" mb="0" cb="0"/><line nr="166" mi="0" ci="1" mb="0" cb="0"/><line nr="169" mi="0" ci="2" mb="0" cb="0"/><line nr="170" mi="0" ci="6" mb="1" cb="1"/><line nr="171" mi="0" ci="3" mb="0" cb="0"/><line nr="172" mi="0" ci="2" mb="0" cb="0"/><line nr="174" mi="2" ci="0" mb="0" cb="0"/><line nr="175" mi="6" ci="0" mb="2" cb="0"/><line nr="176" mi="3" ci="0" mb="0" cb="0"/><line nr="177" mi="2" ci="0" mb="0" cb="0"/><line nr="181" mi="2" ci="0" mb="0" cb="0"/><line nr="182" mi="6" ci="0" mb="2" cb="0"/><line nr="183" mi="3" ci="0" mb="0" cb="0"/><line nr="184" mi="2" ci="0" mb="0" cb="0"/><line nr="188" mi="2" ci="0" mb="0" cb="0"/><line nr="192" mi="0" ci="12" mb="0" cb="2"/><line nr="193" mi="0" ci="7" mb="0" cb="0"/><line nr="194" mi="0" ci="2" mb="1" cb="1"/><line nr="195" mi="0" ci="6" mb="0" cb="0"/><line nr="197" mi="2" ci="0" mb="0" cb="0"/><line nr="199" mi="0" ci="1" mb="0" cb="0"/><line nr="200" mi="0" ci="2" mb="0" cb="0"/><line nr="204" mi="0" ci="8" mb="1" cb="1"/><line nr="205" mi="0" ci="6" mb="0" cb="2"/><line nr="206" mi="0" ci="2" mb="0" cb="0"/><line nr="209" mi="2" ci="0" mb="0" cb="0"/><line nr="214" mi="0" ci="3" mb="1" cb="1"/><line nr="216" mi="0" ci="2" mb="0" cb="0"/><line nr="217" mi="1" ci="0" mb="0" cb="0"/><line nr="218" mi="5" ci="0" mb="0" cb="0"/><line nr="219" mi="0" ci="1" mb="0" cb="0"/><line nr="222" mi="0" ci="5" mb="0" cb="0"/><line nr="227" mi="0" ci="5" mb="0" cb="0"/><line nr="228" mi="0" ci="13" mb="0" cb="0"/><line nr="230" mi="0" ci="5" mb="0" cb="2"/><line nr="231" mi="0" ci="6" mb="0" cb="0"/><line nr="233" mi="0" ci="1" mb="0" cb="0"/><line nr="239" mi="0" ci="4" mb="0" cb="0"/><line nr="241" mi="0" ci="10" mb="0" cb="0"/><line nr="242" mi="0" ci="5" mb="0" cb="0"/><line nr="244" mi="0" ci="3" mb="0" cb="0"/><line nr="245" mi="0" ci="3" mb="0" cb="0"/><line nr="248" mi="0" ci="17" mb="0" cb="0"/><line nr="249" mi="0" ci="3" mb="0" cb="0"/><line nr="251" mi="0" ci="13" mb="0" cb="0"/><line nr="252" mi="0" ci="3" mb="0" cb="0"/><line nr="253" mi="0" ci="14" mb="0" cb="0"/><line nr="254" mi="0" ci="4" mb="0" cb="0"/><line nr="256" mi="0" ci="10" mb="0" cb="0"/><line nr="258" mi="0" ci="4" mb="1" cb="1"/><line nr="259" mi="0" ci="5" mb="0" cb="0"/><line nr="260" mi="4" ci="0" mb="2" cb="0"/><line nr="261" mi="5" ci="0" mb="0" cb="0"/><line nr="262" mi="4" ci="0" mb="2" cb="0"/><line nr="263" mi="5" ci="0" mb="0" cb="0"/><line nr="265" mi="4" ci="0" mb="0" cb="0"/><line nr="267" mi="0" ci="3" mb="0" cb="0"/><line nr="270" mi="0" ci="3" mb="0" cb="0"/><line nr="274" mi="0" ci="12" mb="0" cb="0"/><line nr="275" mi="0" ci="12" mb="0" cb="0"/><line nr="276" mi="0" ci="12" mb="0" cb="0"/><line nr="279" mi="0" ci="2" mb="0" cb="0"/><line nr="283" mi="0" ci="2" mb="1" cb="1"/><line nr="286" mi="0" ci="4" mb="0" cb="0"/><line nr="287" mi="1" ci="0" mb="0" cb="0"/><line nr="288" mi="1" ci="0" mb="0" cb="0"/><line nr="289" mi="0" ci="1" mb="0" cb="0"/><line nr="290" mi="0" ci="6" mb="0" cb="0"/><line nr="292" mi="0" ci="1" mb="0" cb="0"/><line nr="295" mi="0" ci="2" mb="1" cb="1"/><line nr="298" mi="0" ci="4" mb="0" cb="0"/><line nr="299" mi="1" ci="0" mb="0" cb="0"/><line nr="300" mi="1" ci="0" mb="0" cb="0"/><line nr="301" mi="0" ci="1" mb="0" cb="0"/><line nr="302" mi="0" ci="6" mb="0" cb="0"/><line nr="304" mi="0" ci="1" mb="0" cb="0"/><line nr="308" mi="0" ci="4" mb="1" cb="1"/><line nr="309" mi="2" ci="0" mb="0" cb="0"/><line nr="310" mi="0" ci="2" mb="0" cb="0"/><line nr="311" mi="0" ci="11" mb="0" cb="2"/><line nr="312" mi="0" ci="3" mb="1" cb="1"/><line nr="313" mi="3" ci="0" mb="0" cb="0"/><line nr="314" mi="0" ci="4" mb="0" cb="0"/><line nr="315" mi="0" ci="1" mb="0" cb="0"/><line nr="316" mi="0" ci="5" mb="1" cb="1"/><line nr="317" mi="0" ci="3" mb="0" cb="0"/><line nr="319" mi="3" ci="0" mb="0" cb="0"/><line nr="324" mi="2" ci="0" mb="0" cb="0"/><line nr="330" mi="0" ci="3" mb="0" cb="0"/><line nr="332" mi="0" ci="11" mb="0" cb="0"/><line nr="336" mi="0" ci="2" mb="0" cb="0"/><line nr="339" mi="0" ci="4" mb="0" cb="0"/><line nr="340" mi="0" ci="16" mb="0" cb="2"/><line nr="341" mi="0" ci="4" mb="0" cb="0"/><line nr="343" mi="0" ci="7" mb="0" cb="0"/><line nr="344" mi="0" ci="4" mb="0" cb="0"/><line nr="345" mi="0" ci="4" mb="0" cb="0"/><line nr="346" mi="0" ci="4" mb="0" cb="0"/><line nr="348" mi="0" ci="5" mb="0" cb="0"/><line nr="349" mi="0" ci="3" mb="0" cb="0"/><line nr="350" mi="0" ci="2" mb="0" cb="0"/><line nr="352" mi="0" ci="3" mb="0" cb="0"/><line nr="353" mi="1" ci="9" mb="1" cb="1"/><line nr="355" mi="0" ci="5" mb="0" cb="0"/><line nr="356" mi="0" ci="7" mb="0" cb="0"/><line nr="357" mi="0" ci="9" mb="0" cb="0"/><line nr="358" mi="0" ci="9" mb="0" cb="0"/><line nr="359" mi="0" ci="10" mb="0" cb="0"/><line nr="360" mi="1" ci="10" mb="1" cb="1"/><line nr="361" mi="1" ci="9" mb="1" cb="1"/><line nr="362" mi="0" ci="11" mb="0" cb="0"/><line nr="363" mi="0" ci="4" mb="0" cb="0"/><line nr="364" mi="1" ci="0" mb="0" cb="0"/><line nr="365" mi="2" ci="0" mb="0" cb="0"/><line nr="367" mi="0" ci="3" mb="0" cb="0"/><line nr="370" mi="0" ci="3" mb="0" cb="0"/><counter type="INSTRUCTION" missed="122" covered="670"/><counter type="BRANCH" missed="30" covered="32"/><counter type="LINE" missed="38" covered="127"/><counter type="COMPLEXITY" missed="26" covered="20"/><counter type="METHOD" missed="2" covered="13"/><counter type="CLASS" missed="0" covered="2"/></sourcefile><sourcefile name="ConvertHelper.java"><line nr="68" mi="3" ci="0" mb="0" cb="0"/><line nr="73" mi="0" ci="3" mb="0" cb="0"/><line nr="91" mi="6" ci="0" mb="0" cb="0"/><line nr="103" mi="2" ci="0" mb="0" cb="0"/><line nr="105" mi="2" ci="0" mb="2" cb="0"/><line nr="106" mi="7" ci="0" mb="0" cb="0"/><line nr="108" mi="2" ci="0" mb="0" cb="0"/><line nr="110" mi="2" ci="0" mb="2" cb="0"/><line nr="111" mi="4" ci="0" mb="0" cb="0"/><line nr="112" mi="4" ci="0" mb="0" cb="0"/><line nr="115" mi="7" ci="0" mb="0" cb="0"/><line nr="117" mi="12" ci="0" mb="0" cb="0"/><line nr="118" mi="4" ci="0" mb="0" cb="0"/><line nr="119" mi="6" ci="0" mb="0" cb="0"/><line nr="121" mi="12" ci="0" mb="0" cb="0"/><line nr="122" mi="4" ci="0" mb="0" cb="0"/><line nr="123" mi="6" ci="0" mb="0" cb="0"/><line nr="125" mi="12" ci="0" mb="0" cb="0"/><line nr="126" mi="4" ci="0" mb="0" cb="0"/><line nr="127" mi="6" ci="0" mb="0" cb="0"/><line nr="129" mi="2" ci="0" mb="2" cb="0"/><line nr="130" mi="4" ci="0" mb="0" cb="0"/><line nr="131" mi="4" ci="0" mb="0" cb="0"/><line nr="134" mi="2" ci="0" mb="2" cb="0"/><line nr="135" mi="8" ci="0" mb="0" cb="0"/><line nr="137" mi="7" ci="0" mb="0" cb="0"/><line nr="139" mi="12" ci="0" mb="0" cb="0"/><line nr="140" mi="4" ci="0" mb="0" cb="0"/><line nr="141" mi="6" ci="0" mb="0" cb="0"/><line nr="143" mi="12" ci="0" mb="0" cb="0"/><line nr="144" mi="4" ci="0" mb="0" cb="0"/><line nr="145" mi="6" ci="0" mb="0" cb="0"/><line nr="147" mi="12" ci="0" mb="0" cb="0"/><line nr="148" mi="4" ci="0" mb="0" cb="0"/><line nr="149" mi="6" ci="0" mb="0" cb="0"/><
[...]
ci="1" mb="0" cb="0"/><line nr="148" mi="0" ci="3" mb="0" cb="0"/><line nr="150" mi="0" ci="2" mb="0" cb="0"/><line nr="151" mi="0" ci="2" mb="0" cb="0"/><line nr="153" mi="0" ci="11" mb="0" cb="2"/><line nr="155" mi="0" ci="2" mb="1" cb="1"/><line nr="157" mi="0" ci="8" mb="0" cb="0"/><line nr="159" mi="0" ci="4" mb="0" cb="0"/><line nr="162" mi="0" ci="5" mb="1" cb="1"/><line nr="163" mi="0" ci="4" mb="0" cb="2"/><line nr="164" mi="0" ci="4" mb="0" cb="0"/><line nr="166" mi="0" ci="5" mb="0" cb="0"/><line nr="167" mi="0" ci="6" mb="0" cb="0"/><line nr="168" mi="0" ci="1" mb="0" cb="0"/><line nr="171" mi="0" ci="1" mb="0" cb="0"/><line nr="173" mi="0" ci="2" mb="0" cb="0"/><line nr="175" mi="1" ci="0" mb="0" cb="0"/><line nr="179" mi="3" ci="0" mb="0" cb="0"/><line nr="180" mi="6" ci="0" mb="0" cb="0"/><line nr="181" mi="3" ci="0" mb="0" cb="0"/><line nr="182" mi="1" ci="0" mb="0" cb="0"/><line nr="183" mi="3" ci="0" mb="0" cb="0"/><line nr="184" mi="0" ci="1" mb="0" cb="0"/><line nr="185" mi="0" ci="1" mb="0" cb="0"/><line nr="186" mi="0" ci="1" mb="0" cb="0"/><line nr="190" mi="0" ci="3" mb="1" cb="1"/><line nr="192" mi="0" ci="2" mb="0" cb="0"/><line nr="193" mi="1" ci="0" mb="0" cb="0"/><line nr="194" mi="5" ci="0" mb="0" cb="0"/><line nr="195" mi="0" ci="1" mb="0" cb="0"/><line nr="198" mi="0" ci="5" mb="0" cb="0"/><line nr="203" mi="0" ci="5" mb="0" cb="0"/><line nr="205" mi="0" ci="13" mb="0" cb="0"/><line nr="207" mi="0" ci="2" mb="0" cb="0"/><line nr="209" mi="0" ci="5" mb="0" cb="2"/><line nr="210" mi="0" ci="6" mb="0" cb="0"/><line nr="212" mi="0" ci="1" mb="0" cb="0"/><line nr="216" mi="0" ci="5" mb="0" cb="0"/><line nr="220" mi="0" ci="4" mb="0" cb="2"/><line nr="221" mi="0" ci="7" mb="0" cb="0"/><line nr="222" mi="0" ci="7" mb="0" cb="0"/><line nr="224" mi="0" ci="6" mb="0" cb="2"/><line nr="225" mi="0" ci="5" mb="0" cb="0"/><line nr="226" mi="0" ci="10" mb="1" cb="3"/><line nr="227" mi="7" ci="0" mb="0" cb="0"/><line nr="229" mi="0" ci="6" mb="0" cb="2"/><line nr="230" mi="0" ci="7" mb="0" cb="0"/><line nr="231" mi="0" ci="6" mb="0" cb="2"/><line nr="232" mi="0" ci="6" mb="0" cb="0"/><line nr="233" mi="0" ci="6" mb="0" cb="2"/><line nr="234" mi="0" ci="7" mb="0" cb="0"/><line nr="235" mi="0" ci="6" mb="1" cb="1"/><line nr="236" mi="5" ci="0" mb="0" cb="0"/><line nr="238" mi="0" ci="6" mb="0" cb="2"/><line nr="239" mi="0" ci="5" mb="0" cb="0"/><line nr="240" mi="0" ci="7" mb="0" cb="0"/><line nr="241" mi="0" ci="6" mb="1" cb="1"/><line nr="242" mi="0" ci="5" mb="0" cb="0"/><line nr="243" mi="0" ci="5" mb="1" cb="1"/><line nr="244" mi="3" ci="5" mb="1" cb="1"/><line nr="245" mi="5" ci="0" mb="2" cb="0"/><line nr="246" mi="2" ci="0" mb="2" cb="0"/><line nr="247" mi="7" ci="0" mb="0" cb="0"/><line nr="249" mi="5" ci="0" mb="2" cb="0"/><line nr="250" mi="10" ci="0" mb="4" cb="0"/><line nr="251" mi="7" ci="0" mb="0" cb="0"/><line nr="256" mi="0" ci="1" mb="0" cb="0"/><line nr="260" mi="0" ci="4" mb="1" cb="1"/><line nr="261" mi="3" ci="0" mb="0" cb="0"/><line nr="262" mi="0" ci="4" mb="0" cb="2"/><line nr="263" mi="0" ci="3" mb="0" cb="0"/><line nr="264" mi="0" ci="4" mb="1" cb="1"/><line nr="265" mi="3" ci="0" mb="0" cb="0"/><line nr="266" mi="0" ci="2" mb="1" cb="1"/><line nr="268" mi="3" ci="0" mb="0" cb="0"/><line nr="269" mi="6" ci="0" mb="4" cb="0"/><line nr="270" mi="5" ci="0" mb="0" cb="0"/><line nr="271" mi="3" ci="0" mb="0" cb="0"/><line nr="274" mi="5" ci="0" mb="0" cb="0"/><line nr="275" mi="0" ci="1" mb="0" cb="0"/><line nr="277" mi="1" ci="0" mb="0" cb="0"/><line nr="280" mi="0" ci="2" mb="0" cb="0"/><line nr="285" mi="0" ci="2" mb="0" cb="0"/><line nr="287" mi="0" ci="5" mb="0" cb="2"/><line nr="288" mi="0" ci="6" mb="0" cb="0"/><line nr="293" mi="0" ci="5" mb="0" cb="0"/><line nr="296" mi="0" ci="2" mb="0" cb="0"/><line nr="303" mi="0" ci="5" mb="0" cb="0"/><line nr="305" mi="0" ci="5" mb="0" cb="0"/><line nr="306" mi="0" ci="5" mb="1" cb="1"/><line nr="307" mi="0" ci="6" mb="0" cb="0"/><line nr="308" mi="0" ci="4" mb="0" cb="0"/><line nr="311" mi="0" ci="5" mb="0" cb="0"/><line nr="312" mi="0" ci="3" mb="0" cb="0"/><line nr="313" mi="0" ci="3" mb="0" cb="0"/><line nr="315" mi="0" ci="5" mb="0" cb="0"/><line nr="316" mi="0" ci="5" mb="1" cb="1"/><line nr="317" mi="0" ci="6" mb="0" cb="0"/><line nr="319" mi="0" ci="3" mb="0" cb="0"/><line nr="323" mi="0" ci="5" mb="0" cb="0"/><line nr="324" mi="0" ci="2" mb="0" cb="0"/><line nr="325" mi="0" ci="5" mb="1" cb="1"/><line nr="326" mi="0" ci="4" mb="1" cb="1"/><line nr="327" mi="3" ci="0" mb="0" cb="0"/><line nr="328" mi="0" ci="4" mb="1" cb="1"/><line nr="329" mi="0" ci="3" mb="0" cb="0"/><line nr="330" mi="4" ci="0" mb="2" cb="0"/><line nr="331" mi="2" ci="0" mb="0" cb="0"/><line nr="334" mi="0" ci="2" mb="1" cb="1"/><line nr="335" mi="0" ci="3" mb="0" cb="0"/><line nr="339" mi="0" ci="5" mb="0" cb="0"/><line nr="340" mi="0" ci="5" mb="1" cb="1"/><line nr="341" mi="3" ci="0" mb="2" cb="0"/><line nr="342" mi="5" ci="0" mb="0" cb="0"/><line nr="344" mi="3" ci="0" mb="0" cb="0"/><line nr="347" mi="0" ci="3" mb="0" cb="0"/><line nr="350" mi="0" ci="5" mb="0" cb="0"/><line nr="351" mi="0" ci="5" mb="1" cb="1"/><line nr="356" mi="0" ci="6" mb="0" cb="0"/><line nr="357" mi="0" ci="4" mb="0" cb="0"/><line nr="360" mi="0" ci="5" mb="0" cb="0"/><line nr="361" mi="0" ci="5" mb="1" cb="1"/><line nr="362" mi="3" ci="0" mb="0" cb="0"/><line nr="364" mi="0" ci="3" mb="0" cb="0"/><line nr="367" mi="0" ci="5" mb="0" cb="0"/><line nr="368" mi="0" ci="5" mb="1" cb="1"/><line nr="372" mi="0" ci="6" mb="0" cb="0"/><line nr="377" mi="0" ci="4" mb="0" cb="0"/><line nr="380" mi="0" ci="5" mb="0" cb="0"/><line nr="381" mi="0" ci="5" mb="1" cb="1"/><line nr="382" mi="0" ci="3" mb="0" cb="0"/><line nr="385" mi="0" ci="5" mb="0" cb="0"/><line nr="387" mi="0" ci="5" mb="0" cb="0"/><line nr="388" mi="0" ci="5" mb="1" cb="1"/><line nr="389" mi="0" ci="3" mb="0" cb="0"/><line nr="392" mi="0" ci="8" mb="0" cb="0"/><line nr="394" mi="0" ci="2" mb="0" cb="0"/><line nr="401" mi="0" ci="5" mb="0" cb="0"/><line nr="403" mi="0" ci="3" mb="0" cb="0"/><line nr="405" mi="0" ci="5" mb="0" cb="0"/><line nr="406" mi="0" ci="5" mb="1" cb="1"/><line nr="407" mi="5" ci="0" mb="0" cb="0"/><line nr="408" mi="2" ci="0" mb="2" cb="0"/><line nr="409" mi="3" ci="0" mb="0" cb="0"/><line nr="413" mi="0" ci="5" mb="0" cb="0"/><line nr="414" mi="0" ci="5" mb="1" cb="1"/><line nr="415" mi="0" ci="3" mb="0" cb="0"/><line nr="418" mi="0" ci="5" mb="0" cb="0"/><line nr="419" mi="0" ci="5" mb="1" cb="1"/><line nr="420" mi="0" ci="3" mb="0" cb="0"/><line nr="423" mi="0" ci="5" mb="0" cb="0"/><line nr="424" mi="0" ci="5" mb="1" cb="1"/><line nr="425" mi="0" ci="3" mb="0" cb="0"/><line nr="428" mi="0" ci="4" mb="1" cb="1"/><line nr="432" mi="0" ci="8" mb="0" cb="0"/><line nr="435" mi="0" ci="2" mb="0" cb="0"/><line nr="442" mi="0" ci="4" mb="0" cb="0"/><line nr="444" mi="0" ci="5" mb="0" cb="0"/><line nr="446" mi="0" ci="3" mb="0" cb="0"/><line nr="447" mi="0" ci="3" mb="0" cb="0"/><line nr="448" mi="0" ci="4" mb="0" cb="0"/><line nr="451" mi="5" ci="5" mb="3" cb="1"/><line nr="452" mi="7" ci="0" mb="0" cb="0"/><line nr="454" mi="0" ci="8" mb="0" cb="0"/><line nr="455" mi="0" ci="3" mb="0" cb="0"/><line nr="458" mi="0" ci="8" mb="0" cb="0"/><line nr="459" mi="0" ci="3" mb="0" cb="0"/><line nr="461" mi="0" ci="2" mb="0" cb="0"/><line nr="466" mi="0" ci="2" mb="0" cb="0"/><line nr="468" mi="0" ci="5" mb="0" cb="2"/><line nr="469" mi="0" ci="2" mb="0" cb="0"/><line nr="472" mi="0" ci="6" mb="1" cb="1"/><line nr="473" mi="0" ci="5" mb="0" cb="2"/><line nr="474" mi="0" ci="3" mb="0" cb="0"/><line nr="476" mi="0" ci="5" mb="0" cb="0"/><line nr="479" mi="0" ci="5" mb="0" cb="2"/><line nr="480" mi="0" ci="5" mb="1" cb="1"/><line nr="481" mi="0" ci="3" mb="0" cb="0"/><line nr="483" mi="0" ci="4" mb="0" cb="0"/><line nr="486" mi="0" ci="5" mb="1" cb="1"/><line nr="487" mi="0" ci="3" mb="0" cb="0"/><line nr="489" mi="0" ci="1" mb="0" cb="0"/><line nr="493" mi="4" ci="0" mb="0" cb="0"/><line nr="498" mi="5" ci="0" mb="0" cb="0"/><line nr="503" mi="0" ci="11" mb="1" cb="3"/><line nr="507" mi="0" ci="10" mb="0" cb="4"/><line nr="514" mi="1" ci="16" mb="4" cb="4"/><line nr="521" mi="0" ci="31" mb="0" cb="0"/><line nr="525" mi="0" ci="2" mb="0" cb="0"/><line nr="528" mi="0" ci="5" mb="0" cb="0"/><line nr="529" mi="0" ci="3" mb="0" cb="0"/><line nr="531" mi="1" ci="9" mb="1" cb="1"/><line nr="533" mi="0" ci="5" mb="0" cb="0"/><line nr="534" mi="0" ci="7" mb="0" cb="0"/><line nr="535" mi="1" ci="10" mb="1" cb="1"/><line nr="536" mi="1" ci="10" mb="1" cb="1"/><line nr="537" mi="0" ci="6" mb="0" cb="0"/><line nr="538" mi="0" ci="7" mb="0" cb="0"/><line nr="539" mi="0" ci="7" mb="0" cb="0"/><line nr="540" mi="0" ci="7" mb="0" cb="0"/><line nr="541" mi="1" ci="0" mb="0" cb="0"/><line nr="542" mi="2" ci="0" mb="0" cb="0"/><line nr="543" mi="0" ci="1" mb="0" cb="0"/><line nr="545" mi="0" ci="2" mb="0" cb="0"/><line nr="551" mi="0" ci="31" mb="0" cb="0"/><line nr="555" mi="0" ci="2" mb="0" cb="0"/><line nr="558" mi="0" ci="5" mb="0" cb="0"/><line nr="559" mi="0" ci="3" mb="0" cb="0"/><line nr="561" mi="1" ci="9" mb="1" cb="1"/><line nr="563" mi="0" ci="5" mb="0" cb="0"/><line nr="564" mi="0" ci="7" mb="0" cb="0"/><line nr="565" mi="1" ci="10" mb="1" cb="1"/><line nr="566" mi="1" ci="10" mb="1" cb="1"/><line nr="567" mi="0" ci="6" mb="0" cb="0"/><line nr="568" mi="0" ci="7" mb="0" cb="0"/><line nr="569" mi="0" ci="7" mb="0" cb="0"/><line nr="570" mi="0" ci="7" mb="0" cb="0"/><line nr="571" mi="1" ci="0" mb="0" cb="0"/><line nr="572" mi="2" ci="0" mb="0" cb="0"/><line nr="573" mi="0" ci="1" mb="0" cb="0"/><line nr="575" mi="0" ci="2" mb="0" cb="0"/><line nr="582" mi="0" ci="4" mb="0" cb="0"/><line nr="586" mi="0" ci="4" mb="0" cb="0"/><line nr="590" mi="0" ci="48" mb="0" cb="0"/><line nr="598" mi="0" ci="2" mb="0" cb="0"/><line nr="601" mi="0" ci="5" mb="0" cb="0"/><line nr="602" mi="0" ci="3" mb="0" cb="0"/><line nr="604" mi="1" ci="9" mb="1" cb="1"/><line nr="608" mi="0" ci="5" mb="0" cb="0"/><line nr="609" mi="0" ci="7" mb="0" cb="0"/><line nr="610" mi="1" ci="10" mb="1" cb="1"/><line nr="611" mi="1" ci="10" mb="1" cb="1"/><line nr="612" mi="1" ci="11" mb="1" cb="1"/><line nr="613" mi="1" ci="9" mb="1" cb="1"/><line nr="614" mi="1" ci="8" mb="1" cb="1"/><line nr="615" mi="1" ci="9" mb="1" cb="1"/><line nr="616" mi="0" ci="7" mb="0" cb="0"/><line nr="617" mi="0" ci="7" mb="0" cb="0"/><line nr="618" mi="0" ci="7" mb="0" cb="0"/><line nr="619" mi="0" ci="7" mb="0" cb="0"/><line nr="621" mi="0" ci="5" mb="0" cb="0"/><line nr="622" mi="0" ci="7" mb="0" cb="0"/><line nr="623" mi="1" ci="10" mb="1" cb="1"/><line nr="624" mi="1" ci="10" mb="1" cb="1"/><line nr="625" mi="1" ci="11" mb="1" cb="1"/><line nr="626" mi="1" ci="9" mb="1" cb="1"/><line nr="627" mi="1" ci="8" mb="1" cb="1"/><line nr="628" mi="1" ci="9" mb="1" cb="1"/><line nr="629" mi="0" ci="7" mb="0" cb="0"/><line nr="630" mi="0" ci="7" mb="0" cb="0"/><line nr="631" mi="0" ci="7" mb="0" cb="0"/><line nr="632" mi="0" ci="7" mb="0" cb="0"/><line nr="633" mi="1" ci="0" mb="0" cb="0"/><line nr="634" mi="2" ci="0" mb="0" cb="0"/><line nr="635" mi="0" ci="1" mb="0" cb="0"/><line nr="637" mi="0" ci="2" mb="0" cb="0"/><counter type="INSTRUCTION" missed="195" covered="1229"/><counter type="BRANCH" missed="78" covered="92"/><counter type="LINE" missed="47" covered="224"/><counter type="COMPLEXITY" missed="73" covered="40"/><counter type="METHOD" missed="6" covered="22"/><counter type="CLASS" missed="0" covered="2"/></sourcefile><sourcefile name="APASSEpochPhotometryObservationSource.java"><line nr="32" mi="0" ci="7" mb="0" cb="0"/><line nr="38" mi="0" ci="6" mb="0" cb="0"/><line nr="39" mi="0" ci="6" mb="0" cb="0"/><line nr="40" mi="0" ci="6" mb="0" cb="0"/><line nr="41" mi="0" ci="6" mb="0" cb="0"/><line nr="42" mi="0" ci="6" mb="0" cb="0"/><line nr="43" mi="0" ci="6" mb="0" cb="0"/><line nr="44" mi="0" ci="6" mb="0" cb="0"/><line nr="45" mi="0" ci="6" mb="0" cb="0"/><line nr="48" mi="0" ci="3" mb="0" cb="0"/><line nr="49" mi="0" ci="3" mb="0" cb="0"/><line nr="50" mi="0" ci="3" mb="0" cb="0"/><line nr="51" mi="0" ci="5" mb="0" cb="0"/><line nr="52" mi="0" ci="1" mb="0" cb="0"/><line nr="59" mi="2" ci="0" mb="0" cb="0"/><line nr="67" mi="3" ci="0" mb="0" cb="0"/><line nr="75" mi="2" ci="0" mb="0" cb="0"/><counter type="INSTRUCTION" missed="7" covered="70"/><counter type="LINE" missed="3" covered="14"/><counter type="COMPLEXITY" missed="3" covered="1"/><counter type="METHOD" missed="3" covered="1"/><counter type="CLASS" missed="0" covered="1"/></sourcefile><sourcefile name="GAIADR2XformFileObSource.java"><line nr="47" mi="0" ci="2" mb="0" cb="0"/><line nr="48" mi="0" ci="3" mb="0" cb="0"/><line nr="49" mi="0" ci="1" mb="0" cb="0"/><line nr="56" mi="2" ci="0" mb="0" cb="0"/><line nr="64" mi="0" ci="2" mb="0" cb="0"/><line nr="72" mi="2" ci="0" mb="0" cb="0"/><line nr="80" mi="2" ci="0" mb="0" cb="0"/><line nr="88" mi="5" ci="0" mb="0" cb="0"/><line nr="89" mi="3" ci="0" mb="2" cb="0"/><line nr="90" mi="2" ci="0" mb="0" cb="0"/><line nr="92" mi="4" ci="0" mb="0" cb="0"/><line nr="93" mi="4" ci="0" mb="0" cb="0"/><line nr="95" mi="3" ci="0" mb="0" cb="0"/><line nr="108" mi="3" ci="0" mb="0" cb="0"/><line nr="109" mi="3" ci="0" mb="0" cb="0"/><line nr="111" mi="3" ci="0" mb="0" cb="0"/><line nr="113" mi="4" ci="0" mb="0" cb="0"/><line nr="114" mi="7" ci="0" mb="0" cb="0"/><line nr="115" mi="7" ci="0" mb="0" cb="0"/><line nr="117" mi="7" ci="0" mb="0" cb="0"/><line nr="119" mi="7" ci="0" mb="0" cb="0"/><line nr="122" mi="5" ci="0" mb="0" cb="0"/><line nr="124" mi="4" ci="0" mb="0" cb="0"/><line nr="126" mi="2" ci="0" mb="0" cb="0"/><line nr="127" mi="4" ci="0" mb="0" cb="0"/><line nr="128" mi="3" ci="0" mb="0" cb="0"/><line nr="129" mi="1" ci="0" mb="0" cb="0"/><line nr="132" mi="4" ci="0" mb="0" cb="0"/><line nr="133" mi="4" ci="0" mb="0" cb="0"/><line nr="135" mi="7" ci="0" mb="0" cb="0"/><line nr="137" mi="5" ci="0" mb="0" cb="0"/><line nr="139" mi="2" ci="0" mb="0" cb="0"/><line nr="143" mi="4" ci="0" mb="0" cb="0"/><line nr="144" mi="4" ci="0" mb="0" cb="0"/><line nr="146" mi="7" ci="0" mb="0" cb="0"/><line nr="148" mi="5" ci="0" mb="0" cb="0"/><line nr="150" mi="2" ci="0" mb="0" cb="0"/><line nr="159" mi="4" ci="0" mb="0" cb="0"/><line nr="168" mi="4" ci="0" mb="0" cb="0"/><line nr="178" mi="1" ci="0" mb="0" cb="0"/><line nr="185" mi="3" ci="0" mb="0" cb="0"/><line nr="186" mi="3" ci="0" mb="0" cb="0"/><line nr="187" mi="2" ci="0" mb="0" cb="0"/><line nr="188" mi="1" ci="0" mb="0" cb="0"/><counter type="INSTRUCTION" missed="149" covered="8"/><counter type="BRANCH" missed="2" covered="0"/><counter type="LINE" missed="40" covered="4"/><counter type="COMPLEXITY" missed="12" covered="2"/><counter type="METHOD" missed="11" covered="2"/><counter type="CLASS" missed="1" covered="1"/></sourcefile><sourcefile name="QLPFITSObservationSource.java"><line nr="61" mi="0" ci="3" mb="0" cb="0"/><line nr="64" mi="0" ci="2" mb="0" cb="0"/><line nr="65" mi="0" ci="8" mb="0" cb="0"/><line nr="66" mi="0" ci="8" mb="0" cb="0"/><line nr="67" mi="0" ci="1" mb="0" cb="0"/><line nr="71" mi="3" ci="0" mb="0" cb="0"/><line nr="76" mi="2" ci="0" mb="0" cb="0"/><line nr="81" mi="0" ci="2" mb="0" cb="0"/><line nr="82" mi="0" ci="2" mb="0" cb="0"/><line nr="87" mi="2" ci="0" mb="0" cb="0"/><line nr="88" mi="2" ci="0" mb="0" cb="0"/><line nr="96" mi="2" ci="0" mb="0" cb="0"/><line nr="101" mi="4" ci="0" mb="0" cb="0"/><line nr="102" mi="4" ci="0" mb="0" cb="0"/><line nr="103" mi="2" ci="0" mb="0" cb="0"/><line nr="108" mi="5" ci="0" mb="0" cb="0"/><line nr="109" mi="3" ci="0" mb="2" cb="0"/><line nr="111" mi="2" ci="0" mb="0" cb="0"/><line nr="113" mi="4" ci="0" mb="0" cb="0"/><line nr="114" mi="7" ci="0" mb="0" cb="0"/><line nr="119" mi="2" ci="0" mb="0" cb="0"/><line nr="124" mi="2" ci="0" mb="0" cb="0"/><line nr="134" mi="3" ci="0" mb="0" cb="0"/><line nr="135" mi="3" ci="0" mb="0" cb="0"/><line nr="136" mi="3" ci="0" mb="0" cb="0"/><line nr="137" mi="1" ci="0" mb="0" cb="0"/><line nr="141" mi="14" ci="0" mb="6" cb="0"/><line nr="142" mi="2" ci="0" mb="0" cb="0"/><line nr="143" mi="5" ci="0" mb="0" cb="0"/><line nr="144" mi="15" ci="0" mb="4" cb="0"/><line nr="147" mi="12" ci="0" mb="4" cb="0"/><line nr="148" mi="6" ci="0" mb="2" cb="0"/><line nr="149" mi="6" ci="0" mb="2" cb="0"/><line nr="150" mi="3" ci="0" mb="2" cb="0"/><line nr="151" mi="2" ci="0" mb="0" cb="0"/><line nr="153" mi="2" ci="0" mb="0" cb="0"/><line nr="158" mi="3" ci="0" mb="2" cb="0"/><line nr="159" mi="4" ci="0" mb="0" cb="0"/><line nr="161" mi="4" ci="0" mb="0" cb="0"/><line nr="166" mi="5" ci="0" mb="0" cb="0"/><line nr="167" mi="6" ci="0" mb="0" cb="0"/><line nr="172" mi="2" ci="0" mb="0" cb="0"/><line nr="177" mi="5" ci="0" mb="0" cb="0"/><line nr="178" mi="3" ci="0" mb="0" cb="0"/><line nr="179" mi="8" ci="0" mb="4" cb="0"/><line nr="180" mi="4" ci="0" mb="0" cb="0"/><line nr="181" mi="4" ci="0" mb="0" cb="0"/><line nr="182" mi="5" ci="0" mb="0" cb="0"/><line nr="184" mi="2" ci="0" mb="0" cb="0"/><line nr="190" mi="3" ci="0" mb="2" cb="0"/><line nr="191" mi="2" ci="0" mb="0" cb="0"/><line nr="192" mi="3" ci="0" mb="2" cb="0"/><line nr="193" mi="7" ci="0" mb="2" cb="0"/><line nr="194" mi="3" ci="0" mb="2" cb="0"/><line nr="195" mi="7" ci="0" mb="2" cb="0"/><line nr="196" mi="3" ci="0" mb="2" cb="0"/><line nr="197" mi="2" ci="0" mb="0" cb="0"/><line nr="199" mi="2" ci="0" mb="0" cb="0"/><line nr="204" mi="2" ci="0" mb="0" cb="0"/><line nr="218" mi="3" ci="0" mb="0" cb="0"/><line nr="219" mi="3" ci="0" mb="0" cb="0"/><line nr="221" mi="3" ci="0" mb="0" cb="0"/><line nr="223" mi="4" ci="0" mb="0" cb="0"/><line nr="224" mi="7" ci="0" mb="0" cb="0"/><line nr="225" mi="7" ci="0" mb="0" cb="0"/><line nr="227" mi="5" ci="0" mb="0" cb="0"/><line nr="230" mi="5" ci="0" mb="0" cb="0"/><line nr="232" mi="4" ci="0" mb="0" cb="0"/><line nr="234" mi="2" ci="0" mb="0" cb="0"/><line nr="235" mi="4" ci="0" mb="0" cb="0"/><line nr="236" mi="3" ci="0" mb="0" cb="0"/><line nr="237" mi="1" ci="0" mb="0" cb="0"/><line nr="240" mi="4" ci="0" mb="0" cb="0"/><line nr="241" mi="4" ci="0" mb="0" cb="0"/><line nr="243" mi="6" ci="0" mb="0" cb="0"/><line nr="244" mi="6" ci="0" mb="0" cb="0"/><line nr="246" mi="4" ci="0" mb="2" cb="0"/><line nr="247" mi="5" ci="0" mb="0" cb="0"/><line nr="249" mi="4" ci="0" mb="0" cb="0"/><line nr="252" mi="4" ci="0" mb="0" cb="0"/><line nr="253" mi="4" ci="0" mb="0" cb="0"/><line nr="254" mi="4" ci="0" mb="0" cb="0"/><line nr="256" mi="5" ci="0" mb="0" cb="0"/><line nr="257" mi="5" ci="0" mb="0" cb="0"/><line nr="259" mi="2" ci="0" mb="0" cb="0"/><line nr="266" mi="4" ci="0" mb="0" cb="0"/><line nr="275" mi="1" ci="0" mb="0" cb="0"/><line nr="282" mi="2" ci="0" mb="0" cb="0"/><line nr="286" mi="2" ci="0" mb="2" cb="0"/><line nr="287" mi="3" ci="0" mb="0" cb="0"/><line nr="288" mi="3" ci="0" mb="0" cb="0"/><line nr="289" mi="2" ci="0" mb="0" cb="0"/><line nr="291" mi="1" ci="0" mb="0" cb="0"/><counter type="INSTRUCTION" missed="338" covered="26"/><counter type="BRANCH" missed="44" covered="0"/><counter type="LINE" missed="86" covered="7"/><counter type="COMPLEXITY" missed="43" covered="2"/><counter type="METHOD" missed="21" covered="2"/><counter type="CLASS" missed="2" covered="1"/></sourcefile><counter type="INSTRUCTION" missed="22051" covered="51839"/><counter type="BRANCH" missed="1864" covered="584"/><counter type="LINE" missed="4997" covered="2048"/><counter type="COMPLEXITY" missed="1864" covered="435"/><counter type="METHOD" missed="761" covered="293"/><counter type="CLASS" missed="109" covered="75"/></package><counter type="INSTRUCTION" missed="24443" covered="55343"/><counter type="BRANCH" missed="2133" covered="774"/><counter type="LINE" missed="5490" covered="2691"/><counter type="COMPLEXITY" missed="2093" covered="553"/><counter type="METHOD" missed="811" covered="360"/><counter type="CLASS" missed="117" covered="91"/></report>